[2025-06-04T05:52:20.346+0000] {processor.py:161} INFO - Started process (PID=50) to work on /opt/airflow/dags/parallel_tasks_dag.py
[2025-06-04T05:52:20.348+0000] {processor.py:830} INFO - Processing file /opt/airflow/dags/parallel_tasks_dag.py for tasks to queue
[2025-06-04T05:52:20.354+0000] {logging_mixin.py:188} INFO - [2025-06-04T05:52:20.353+0000] {dagbag.py:538} INFO - Filling up the DagBag from /opt/airflow/dags/parallel_tasks_dag.py
[2025-06-04T05:52:20.405+0000] {processor.py:840} INFO - DAG(s) 'parallel_tasks_dag' retrieved from /opt/airflow/dags/parallel_tasks_dag.py
[2025-06-04T05:52:20.587+0000] {logging_mixin.py:188} INFO - [2025-06-04T05:52:20.585+0000] {override.py:1769} INFO - Created Permission View: can delete on DAG:parallel_tasks_dag
[2025-06-04T05:52:20.606+0000] {logging_mixin.py:188} INFO - [2025-06-04T05:52:20.606+0000] {override.py:1769} INFO - Created Permission View: can edit on DAG:parallel_tasks_dag
[2025-06-04T05:52:20.617+0000] {logging_mixin.py:188} INFO - [2025-06-04T05:52:20.617+0000] {override.py:1769} INFO - Created Permission View: can read on DAG:parallel_tasks_dag
[2025-06-04T05:52:20.619+0000] {logging_mixin.py:188} INFO - [2025-06-04T05:52:20.618+0000] {dag.py:3036} INFO - Sync 1 DAGs
[2025-06-04T05:52:20.636+0000] {logging_mixin.py:188} INFO - [2025-06-04T05:52:20.635+0000] {dag.py:3058} INFO - Creating ORM DAG for parallel_tasks_dag
[2025-06-04T05:52:20.637+0000] {logging_mixin.py:188} INFO - [2025-06-04T05:52:20.637+0000] {dag.py:3823} INFO - Setting next_dagrun for parallel_tasks_dag to None, run_after=None
[2025-06-04T05:52:20.673+0000] {processor.py:183} INFO - Processing /opt/airflow/dags/parallel_tasks_dag.py took 0.336 seconds
[2025-06-04T05:52:50.946+0000] {processor.py:161} INFO - Started process (PID=109) to work on /opt/airflow/dags/parallel_tasks_dag.py
[2025-06-04T05:52:50.948+0000] {processor.py:830} INFO - Processing file /opt/airflow/dags/parallel_tasks_dag.py for tasks to queue
[2025-06-04T05:52:50.952+0000] {logging_mixin.py:188} INFO - [2025-06-04T05:52:50.951+0000] {dagbag.py:538} INFO - Filling up the DagBag from /opt/airflow/dags/parallel_tasks_dag.py
[2025-06-04T05:52:50.974+0000] {processor.py:840} INFO - DAG(s) 'parallel_tasks_dag' retrieved from /opt/airflow/dags/parallel_tasks_dag.py
[2025-06-04T05:52:50.999+0000] {logging_mixin.py:188} INFO - [2025-06-04T05:52:50.998+0000] {dag.py:3036} INFO - Sync 1 DAGs
[2025-06-04T05:52:51.012+0000] {logging_mixin.py:188} INFO - [2025-06-04T05:52:51.012+0000] {dag.py:3823} INFO - Setting next_dagrun for parallel_tasks_dag to None, run_after=None
[2025-06-04T05:52:51.035+0000] {processor.py:183} INFO - Processing /opt/airflow/dags/parallel_tasks_dag.py took 0.094 seconds
[2025-06-04T05:53:21.249+0000] {processor.py:161} INFO - Started process (PID=169) to work on /opt/airflow/dags/parallel_tasks_dag.py
[2025-06-04T05:53:21.250+0000] {processor.py:830} INFO - Processing file /opt/airflow/dags/parallel_tasks_dag.py for tasks to queue
[2025-06-04T05:53:21.252+0000] {logging_mixin.py:188} INFO - [2025-06-04T05:53:21.252+0000] {dagbag.py:538} INFO - Filling up the DagBag from /opt/airflow/dags/parallel_tasks_dag.py
[2025-06-04T05:53:21.271+0000] {processor.py:840} INFO - DAG(s) 'parallel_tasks_dag' retrieved from /opt/airflow/dags/parallel_tasks_dag.py
[2025-06-04T05:53:21.289+0000] {logging_mixin.py:188} INFO - [2025-06-04T05:53:21.289+0000] {dag.py:3036} INFO - Sync 1 DAGs
[2025-06-04T05:53:21.299+0000] {logging_mixin.py:188} INFO - [2025-06-04T05:53:21.299+0000] {dag.py:3823} INFO - Setting next_dagrun for parallel_tasks_dag to None, run_after=None
[2025-06-04T05:53:21.318+0000] {processor.py:183} INFO - Processing /opt/airflow/dags/parallel_tasks_dag.py took 0.073 seconds
[2025-06-04T05:53:51.420+0000] {processor.py:161} INFO - Started process (PID=227) to work on /opt/airflow/dags/parallel_tasks_dag.py
[2025-06-04T05:53:51.421+0000] {processor.py:830} INFO - Processing file /opt/airflow/dags/parallel_tasks_dag.py for tasks to queue
[2025-06-04T05:53:51.423+0000] {logging_mixin.py:188} INFO - [2025-06-04T05:53:51.423+0000] {dagbag.py:538} INFO - Filling up the DagBag from /opt/airflow/dags/parallel_tasks_dag.py
[2025-06-04T05:53:51.440+0000] {processor.py:840} INFO - DAG(s) 'parallel_tasks_dag' retrieved from /opt/airflow/dags/parallel_tasks_dag.py
[2025-06-04T05:53:51.458+0000] {logging_mixin.py:188} INFO - [2025-06-04T05:53:51.457+0000] {dag.py:3036} INFO - Sync 1 DAGs
[2025-06-04T05:53:51.469+0000] {logging_mixin.py:188} INFO - [2025-06-04T05:53:51.468+0000] {dag.py:3823} INFO - Setting next_dagrun for parallel_tasks_dag to None, run_after=None
[2025-06-04T05:53:51.490+0000] {processor.py:183} INFO - Processing /opt/airflow/dags/parallel_tasks_dag.py took 0.073 seconds
[2025-06-04T05:54:21.743+0000] {processor.py:161} INFO - Started process (PID=286) to work on /opt/airflow/dags/parallel_tasks_dag.py
[2025-06-04T05:54:21.744+0000] {processor.py:830} INFO - Processing file /opt/airflow/dags/parallel_tasks_dag.py for tasks to queue
[2025-06-04T05:54:21.746+0000] {logging_mixin.py:188} INFO - [2025-06-04T05:54:21.746+0000] {dagbag.py:538} INFO - Filling up the DagBag from /opt/airflow/dags/parallel_tasks_dag.py
[2025-06-04T05:54:21.764+0000] {processor.py:840} INFO - DAG(s) 'parallel_tasks_dag' retrieved from /opt/airflow/dags/parallel_tasks_dag.py
[2025-06-04T05:54:21.779+0000] {logging_mixin.py:188} INFO - [2025-06-04T05:54:21.779+0000] {dag.py:3036} INFO - Sync 1 DAGs
[2025-06-04T05:54:21.788+0000] {logging_mixin.py:188} INFO - [2025-06-04T05:54:21.788+0000] {dag.py:3823} INFO - Setting next_dagrun for parallel_tasks_dag to None, run_after=None
[2025-06-04T05:54:21.814+0000] {processor.py:183} INFO - Processing /opt/airflow/dags/parallel_tasks_dag.py took 0.073 seconds
[2025-06-04T05:54:52.112+0000] {processor.py:161} INFO - Started process (PID=345) to work on /opt/airflow/dags/parallel_tasks_dag.py
[2025-06-04T05:54:52.113+0000] {processor.py:830} INFO - Processing file /opt/airflow/dags/parallel_tasks_dag.py for tasks to queue
[2025-06-04T05:54:52.116+0000] {logging_mixin.py:188} INFO - [2025-06-04T05:54:52.115+0000] {dagbag.py:538} INFO - Filling up the DagBag from /opt/airflow/dags/parallel_tasks_dag.py
[2025-06-04T05:54:52.134+0000] {processor.py:840} INFO - DAG(s) 'parallel_tasks_dag' retrieved from /opt/airflow/dags/parallel_tasks_dag.py
[2025-06-04T05:54:52.165+0000] {logging_mixin.py:188} INFO - [2025-06-04T05:54:52.164+0000] {dag.py:3036} INFO - Sync 1 DAGs
[2025-06-04T05:54:52.177+0000] {logging_mixin.py:188} INFO - [2025-06-04T05:54:52.177+0000] {dag.py:3823} INFO - Setting next_dagrun for parallel_tasks_dag to None, run_after=None
[2025-06-04T05:54:52.206+0000] {processor.py:183} INFO - Processing /opt/airflow/dags/parallel_tasks_dag.py took 0.097 seconds
[2025-06-04T05:55:22.517+0000] {processor.py:161} INFO - Started process (PID=410) to work on /opt/airflow/dags/parallel_tasks_dag.py
[2025-06-04T05:55:22.518+0000] {processor.py:830} INFO - Processing file /opt/airflow/dags/parallel_tasks_dag.py for tasks to queue
[2025-06-04T05:55:22.521+0000] {logging_mixin.py:188} INFO - [2025-06-04T05:55:22.520+0000] {dagbag.py:538} INFO - Filling up the DagBag from /opt/airflow/dags/parallel_tasks_dag.py
[2025-06-04T05:55:22.542+0000] {processor.py:840} INFO - DAG(s) 'parallel_tasks_dag' retrieved from /opt/airflow/dags/parallel_tasks_dag.py
[2025-06-04T05:55:22.560+0000] {logging_mixin.py:188} INFO - [2025-06-04T05:55:22.560+0000] {dag.py:3036} INFO - Sync 1 DAGs
[2025-06-04T05:55:22.571+0000] {logging_mixin.py:188} INFO - [2025-06-04T05:55:22.571+0000] {dag.py:3823} INFO - Setting next_dagrun for parallel_tasks_dag to None, run_after=None
[2025-06-04T05:55:22.594+0000] {processor.py:183} INFO - Processing /opt/airflow/dags/parallel_tasks_dag.py took 0.080 seconds
[2025-06-04T05:55:52.981+0000] {processor.py:161} INFO - Started process (PID=468) to work on /opt/airflow/dags/parallel_tasks_dag.py
[2025-06-04T05:55:52.983+0000] {processor.py:830} INFO - Processing file /opt/airflow/dags/parallel_tasks_dag.py for tasks to queue
[2025-06-04T05:55:52.984+0000] {logging_mixin.py:188} INFO - [2025-06-04T05:55:52.984+0000] {dagbag.py:538} INFO - Filling up the DagBag from /opt/airflow/dags/parallel_tasks_dag.py
[2025-06-04T05:55:52.998+0000] {processor.py:840} INFO - DAG(s) 'parallel_tasks_dag' retrieved from /opt/airflow/dags/parallel_tasks_dag.py
[2025-06-04T05:55:53.017+0000] {logging_mixin.py:188} INFO - [2025-06-04T05:55:53.017+0000] {dag.py:3036} INFO - Sync 1 DAGs
[2025-06-04T05:55:53.027+0000] {logging_mixin.py:188} INFO - [2025-06-04T05:55:53.027+0000] {dag.py:3823} INFO - Setting next_dagrun for parallel_tasks_dag to None, run_after=None
[2025-06-04T05:55:53.054+0000] {processor.py:183} INFO - Processing /opt/airflow/dags/parallel_tasks_dag.py took 0.077 seconds
[2025-06-04T05:56:23.321+0000] {processor.py:161} INFO - Started process (PID=527) to work on /opt/airflow/dags/parallel_tasks_dag.py
[2025-06-04T05:56:23.323+0000] {processor.py:830} INFO - Processing file /opt/airflow/dags/parallel_tasks_dag.py for tasks to queue
[2025-06-04T05:56:23.325+0000] {logging_mixin.py:188} INFO - [2025-06-04T05:56:23.325+0000] {dagbag.py:538} INFO - Filling up the DagBag from /opt/airflow/dags/parallel_tasks_dag.py
[2025-06-04T05:56:23.340+0000] {processor.py:840} INFO - DAG(s) 'parallel_tasks_dag' retrieved from /opt/airflow/dags/parallel_tasks_dag.py
[2025-06-04T05:56:23.360+0000] {logging_mixin.py:188} INFO - [2025-06-04T05:56:23.359+0000] {dag.py:3036} INFO - Sync 1 DAGs
[2025-06-04T05:56:23.370+0000] {logging_mixin.py:188} INFO - [2025-06-04T05:56:23.370+0000] {dag.py:3823} INFO - Setting next_dagrun for parallel_tasks_dag to None, run_after=None
[2025-06-04T05:56:23.390+0000] {processor.py:183} INFO - Processing /opt/airflow/dags/parallel_tasks_dag.py took 0.072 seconds
[2025-06-04T05:56:53.928+0000] {processor.py:161} INFO - Started process (PID=590) to work on /opt/airflow/dags/parallel_tasks_dag.py
[2025-06-04T05:56:53.930+0000] {processor.py:830} INFO - Processing file /opt/airflow/dags/parallel_tasks_dag.py for tasks to queue
[2025-06-04T05:56:53.932+0000] {logging_mixin.py:188} INFO - [2025-06-04T05:56:53.932+0000] {dagbag.py:538} INFO - Filling up the DagBag from /opt/airflow/dags/parallel_tasks_dag.py
[2025-06-04T05:56:53.958+0000] {processor.py:840} INFO - DAG(s) 'parallel_tasks_dag' retrieved from /opt/airflow/dags/parallel_tasks_dag.py
[2025-06-04T05:56:53.975+0000] {logging_mixin.py:188} INFO - [2025-06-04T05:56:53.975+0000] {dag.py:3036} INFO - Sync 1 DAGs
[2025-06-04T05:56:53.985+0000] {logging_mixin.py:188} INFO - [2025-06-04T05:56:53.984+0000] {dag.py:3823} INFO - Setting next_dagrun for parallel_tasks_dag to None, run_after=None
[2025-06-04T05:56:54.007+0000] {processor.py:183} INFO - Processing /opt/airflow/dags/parallel_tasks_dag.py took 0.081 seconds
[2025-06-04T05:57:24.999+0000] {processor.py:161} INFO - Started process (PID=657) to work on /opt/airflow/dags/parallel_tasks_dag.py
[2025-06-04T05:57:25.000+0000] {processor.py:830} INFO - Processing file /opt/airflow/dags/parallel_tasks_dag.py for tasks to queue
[2025-06-04T05:57:25.002+0000] {logging_mixin.py:188} INFO - [2025-06-04T05:57:25.002+0000] {dagbag.py:538} INFO - Filling up the DagBag from /opt/airflow/dags/parallel_tasks_dag.py
[2025-06-04T05:57:25.023+0000] {processor.py:840} INFO - DAG(s) 'parallel_tasks_dag' retrieved from /opt/airflow/dags/parallel_tasks_dag.py
[2025-06-04T05:57:25.047+0000] {logging_mixin.py:188} INFO - [2025-06-04T05:57:25.046+0000] {dag.py:3036} INFO - Sync 1 DAGs
[2025-06-04T05:57:25.059+0000] {logging_mixin.py:188} INFO - [2025-06-04T05:57:25.059+0000] {dag.py:3823} INFO - Setting next_dagrun for parallel_tasks_dag to None, run_after=None
[2025-06-04T05:57:25.080+0000] {processor.py:183} INFO - Processing /opt/airflow/dags/parallel_tasks_dag.py took 0.084 seconds
[2025-06-04T05:57:55.205+0000] {processor.py:161} INFO - Started process (PID=716) to work on /opt/airflow/dags/parallel_tasks_dag.py
[2025-06-04T05:57:55.206+0000] {processor.py:830} INFO - Processing file /opt/airflow/dags/parallel_tasks_dag.py for tasks to queue
[2025-06-04T05:57:55.209+0000] {logging_mixin.py:188} INFO - [2025-06-04T05:57:55.208+0000] {dagbag.py:538} INFO - Filling up the DagBag from /opt/airflow/dags/parallel_tasks_dag.py
[2025-06-04T05:57:55.227+0000] {processor.py:840} INFO - DAG(s) 'parallel_tasks_dag' retrieved from /opt/airflow/dags/parallel_tasks_dag.py
[2025-06-04T05:57:55.245+0000] {logging_mixin.py:188} INFO - [2025-06-04T05:57:55.245+0000] {dag.py:3036} INFO - Sync 1 DAGs
[2025-06-04T05:57:55.256+0000] {logging_mixin.py:188} INFO - [2025-06-04T05:57:55.256+0000] {dag.py:3823} INFO - Setting next_dagrun for parallel_tasks_dag to None, run_after=None
[2025-06-04T05:57:55.283+0000] {processor.py:183} INFO - Processing /opt/airflow/dags/parallel_tasks_dag.py took 0.081 seconds
[2025-06-04T05:58:25.666+0000] {processor.py:161} INFO - Started process (PID=775) to work on /opt/airflow/dags/parallel_tasks_dag.py
[2025-06-04T05:58:25.668+0000] {processor.py:830} INFO - Processing file /opt/airflow/dags/parallel_tasks_dag.py for tasks to queue
[2025-06-04T05:58:25.671+0000] {logging_mixin.py:188} INFO - [2025-06-04T05:58:25.670+0000] {dagbag.py:538} INFO - Filling up the DagBag from /opt/airflow/dags/parallel_tasks_dag.py
[2025-06-04T05:58:25.690+0000] {processor.py:840} INFO - DAG(s) 'parallel_tasks_dag' retrieved from /opt/airflow/dags/parallel_tasks_dag.py
[2025-06-04T05:58:25.708+0000] {logging_mixin.py:188} INFO - [2025-06-04T05:58:25.708+0000] {dag.py:3036} INFO - Sync 1 DAGs
[2025-06-04T05:58:25.718+0000] {logging_mixin.py:188} INFO - [2025-06-04T05:58:25.718+0000] {dag.py:3823} INFO - Setting next_dagrun for parallel_tasks_dag to None, run_after=None
[2025-06-04T05:58:25.741+0000] {processor.py:183} INFO - Processing /opt/airflow/dags/parallel_tasks_dag.py took 0.079 seconds
[2025-06-04T05:58:56.035+0000] {processor.py:161} INFO - Started process (PID=836) to work on /opt/airflow/dags/parallel_tasks_dag.py
[2025-06-04T05:58:56.037+0000] {processor.py:830} INFO - Processing file /opt/airflow/dags/parallel_tasks_dag.py for tasks to queue
[2025-06-04T05:58:56.040+0000] {logging_mixin.py:188} INFO - [2025-06-04T05:58:56.039+0000] {dagbag.py:538} INFO - Filling up the DagBag from /opt/airflow/dags/parallel_tasks_dag.py
[2025-06-04T05:58:56.076+0000] {processor.py:840} INFO - DAG(s) 'parallel_tasks_dag' retrieved from /opt/airflow/dags/parallel_tasks_dag.py
[2025-06-04T05:58:56.092+0000] {logging_mixin.py:188} INFO - [2025-06-04T05:58:56.092+0000] {dag.py:3036} INFO - Sync 1 DAGs
[2025-06-04T05:58:56.103+0000] {logging_mixin.py:188} INFO - [2025-06-04T05:58:56.103+0000] {dag.py:3823} INFO - Setting next_dagrun for parallel_tasks_dag to None, run_after=None
[2025-06-04T05:58:56.128+0000] {processor.py:183} INFO - Processing /opt/airflow/dags/parallel_tasks_dag.py took 0.097 seconds
[2025-06-04T05:59:25.185+0000] {processor.py:161} INFO - Started process (PID=895) to work on /opt/airflow/dags/parallel_tasks_dag.py
[2025-06-04T05:59:25.186+0000] {processor.py:830} INFO - Processing file /opt/airflow/dags/parallel_tasks_dag.py for tasks to queue
[2025-06-04T05:59:25.189+0000] {logging_mixin.py:188} INFO - [2025-06-04T05:59:25.188+0000] {dagbag.py:538} INFO - Filling up the DagBag from /opt/airflow/dags/parallel_tasks_dag.py
[2025-06-04T05:59:25.237+0000] {processor.py:840} INFO - DAG(s) 'parallel_tasks_dag' retrieved from /opt/airflow/dags/parallel_tasks_dag.py
[2025-06-04T05:59:25.307+0000] {logging_mixin.py:188} INFO - [2025-06-04T05:59:25.307+0000] {dag.py:3036} INFO - Sync 1 DAGs
[2025-06-04T05:59:25.315+0000] {logging_mixin.py:188} INFO - [2025-06-04T05:59:25.315+0000] {dag.py:3823} INFO - Setting next_dagrun for parallel_tasks_dag to None, run_after=None
[2025-06-04T05:59:25.348+0000] {processor.py:183} INFO - Processing /opt/airflow/dags/parallel_tasks_dag.py took 0.167 seconds
[2025-06-04T05:59:26.211+0000] {processor.py:161} INFO - Started process (PID=896) to work on /opt/airflow/dags/parallel_tasks_dag.py
[2025-06-04T05:59:26.212+0000] {processor.py:830} INFO - Processing file /opt/airflow/dags/parallel_tasks_dag.py for tasks to queue
[2025-06-04T05:59:26.213+0000] {logging_mixin.py:188} INFO - [2025-06-04T05:59:26.213+0000] {dagbag.py:538} INFO - Filling up the DagBag from /opt/airflow/dags/parallel_tasks_dag.py
[2025-06-04T05:59:26.255+0000] {processor.py:840} INFO - DAG(s) 'parallel_tasks_dag' retrieved from /opt/airflow/dags/parallel_tasks_dag.py
[2025-06-04T05:59:26.272+0000] {logging_mixin.py:188} INFO - [2025-06-04T05:59:26.271+0000] {dag.py:3036} INFO - Sync 1 DAGs
[2025-06-04T05:59:26.282+0000] {logging_mixin.py:188} INFO - [2025-06-04T05:59:26.282+0000] {dag.py:3823} INFO - Setting next_dagrun for parallel_tasks_dag to None, run_after=None
[2025-06-04T05:59:26.307+0000] {processor.py:183} INFO - Processing /opt/airflow/dags/parallel_tasks_dag.py took 0.099 seconds
[2025-06-04T05:59:26.584+0000] {processor.py:161} INFO - Started process (PID=900) to work on /opt/airflow/dags/parallel_tasks_dag.py
[2025-06-04T05:59:26.587+0000] {processor.py:830} INFO - Processing file /opt/airflow/dags/parallel_tasks_dag.py for tasks to queue
[2025-06-04T05:59:26.589+0000] {logging_mixin.py:188} INFO - [2025-06-04T05:59:26.588+0000] {dagbag.py:538} INFO - Filling up the DagBag from /opt/airflow/dags/parallel_tasks_dag.py
[2025-06-04T05:59:26.611+0000] {processor.py:840} INFO - DAG(s) 'parallel_tasks_dag' retrieved from /opt/airflow/dags/parallel_tasks_dag.py
[2025-06-04T05:59:26.621+0000] {logging_mixin.py:188} INFO - [2025-06-04T05:59:26.621+0000] {dag.py:3036} INFO - Sync 1 DAGs
[2025-06-04T05:59:26.629+0000] {logging_mixin.py:188} INFO - [2025-06-04T05:59:26.629+0000] {dag.py:3823} INFO - Setting next_dagrun for parallel_tasks_dag to None, run_after=None
[2025-06-04T05:59:26.659+0000] {processor.py:183} INFO - Processing /opt/airflow/dags/parallel_tasks_dag.py took 0.077 seconds
[2025-06-04T05:59:27.118+0000] {processor.py:161} INFO - Started process (PID=909) to work on /opt/airflow/dags/parallel_tasks_dag.py
[2025-06-04T05:59:27.119+0000] {processor.py:830} INFO - Processing file /opt/airflow/dags/parallel_tasks_dag.py for tasks to queue
[2025-06-04T05:59:27.122+0000] {logging_mixin.py:188} INFO - [2025-06-04T05:59:27.122+0000] {dagbag.py:538} INFO - Filling up the DagBag from /opt/airflow/dags/parallel_tasks_dag.py
[2025-06-04T05:59:27.157+0000] {processor.py:840} INFO - DAG(s) 'parallel_tasks_dag' retrieved from /opt/airflow/dags/parallel_tasks_dag.py
[2025-06-04T05:59:27.170+0000] {logging_mixin.py:188} INFO - [2025-06-04T05:59:27.170+0000] {dag.py:3036} INFO - Sync 1 DAGs
[2025-06-04T05:59:27.182+0000] {logging_mixin.py:188} INFO - [2025-06-04T05:59:27.182+0000] {dag.py:3823} INFO - Setting next_dagrun for parallel_tasks_dag to None, run_after=None
[2025-06-04T05:59:27.212+0000] {processor.py:183} INFO - Processing /opt/airflow/dags/parallel_tasks_dag.py took 0.096 seconds
[2025-06-04T05:59:27.471+0000] {processor.py:161} INFO - Started process (PID=915) to work on /opt/airflow/dags/parallel_tasks_dag.py
[2025-06-04T05:59:27.473+0000] {processor.py:830} INFO - Processing file /opt/airflow/dags/parallel_tasks_dag.py for tasks to queue
[2025-06-04T05:59:27.474+0000] {logging_mixin.py:188} INFO - [2025-06-04T05:59:27.474+0000] {dagbag.py:538} INFO - Filling up the DagBag from /opt/airflow/dags/parallel_tasks_dag.py
[2025-06-04T05:59:27.502+0000] {processor.py:840} INFO - DAG(s) 'parallel_tasks_dag' retrieved from /opt/airflow/dags/parallel_tasks_dag.py
[2025-06-04T05:59:27.512+0000] {logging_mixin.py:188} INFO - [2025-06-04T05:59:27.511+0000] {dag.py:3036} INFO - Sync 1 DAGs
[2025-06-04T05:59:27.520+0000] {logging_mixin.py:188} INFO - [2025-06-04T05:59:27.520+0000] {dag.py:3823} INFO - Setting next_dagrun for parallel_tasks_dag to None, run_after=None
[2025-06-04T05:59:27.542+0000] {processor.py:183} INFO - Processing /opt/airflow/dags/parallel_tasks_dag.py took 0.074 seconds
[2025-06-04T05:59:28.509+0000] {processor.py:161} INFO - Started process (PID=916) to work on /opt/airflow/dags/parallel_tasks_dag.py
[2025-06-04T05:59:28.510+0000] {processor.py:830} INFO - Processing file /opt/airflow/dags/parallel_tasks_dag.py for tasks to queue
[2025-06-04T05:59:28.513+0000] {logging_mixin.py:188} INFO - [2025-06-04T05:59:28.512+0000] {dagbag.py:538} INFO - Filling up the DagBag from /opt/airflow/dags/parallel_tasks_dag.py
[2025-06-04T05:59:28.540+0000] {processor.py:840} INFO - DAG(s) 'parallel_tasks_dag' retrieved from /opt/airflow/dags/parallel_tasks_dag.py
[2025-06-04T05:59:28.554+0000] {logging_mixin.py:188} INFO - [2025-06-04T05:59:28.554+0000] {dag.py:3036} INFO - Sync 1 DAGs
[2025-06-04T05:59:28.567+0000] {logging_mixin.py:188} INFO - [2025-06-04T05:59:28.566+0000] {dag.py:3823} INFO - Setting next_dagrun for parallel_tasks_dag to None, run_after=None
[2025-06-04T05:59:28.605+0000] {processor.py:183} INFO - Processing /opt/airflow/dags/parallel_tasks_dag.py took 0.099 seconds
[2025-06-04T05:59:59.330+0000] {processor.py:161} INFO - Started process (PID=975) to work on /opt/airflow/dags/parallel_tasks_dag.py
[2025-06-04T05:59:59.332+0000] {processor.py:830} INFO - Processing file /opt/airflow/dags/parallel_tasks_dag.py for tasks to queue
[2025-06-04T05:59:59.334+0000] {logging_mixin.py:188} INFO - [2025-06-04T05:59:59.333+0000] {dagbag.py:538} INFO - Filling up the DagBag from /opt/airflow/dags/parallel_tasks_dag.py
[2025-06-04T05:59:59.346+0000] {processor.py:840} INFO - DAG(s) 'parallel_tasks_dag' retrieved from /opt/airflow/dags/parallel_tasks_dag.py
[2025-06-04T05:59:59.368+0000] {logging_mixin.py:188} INFO - [2025-06-04T05:59:59.368+0000] {dag.py:3036} INFO - Sync 1 DAGs
[2025-06-04T05:59:59.380+0000] {logging_mixin.py:188} INFO - [2025-06-04T05:59:59.380+0000] {dag.py:3823} INFO - Setting next_dagrun for parallel_tasks_dag to None, run_after=None
[2025-06-04T05:59:59.398+0000] {processor.py:183} INFO - Processing /opt/airflow/dags/parallel_tasks_dag.py took 0.071 seconds
[2025-06-04T06:01:47.024+0000] {processor.py:161} INFO - Started process (PID=50) to work on /opt/airflow/dags/parallel_tasks_dag.py
[2025-06-04T06:01:47.027+0000] {processor.py:830} INFO - Processing file /opt/airflow/dags/parallel_tasks_dag.py for tasks to queue
[2025-06-04T06:01:47.031+0000] {logging_mixin.py:188} INFO - [2025-06-04T06:01:47.030+0000] {dagbag.py:538} INFO - Filling up the DagBag from /opt/airflow/dags/parallel_tasks_dag.py
[2025-06-04T06:01:47.066+0000] {processor.py:840} INFO - DAG(s) 'parallel_tasks_dag' retrieved from /opt/airflow/dags/parallel_tasks_dag.py
[2025-06-04T06:01:47.272+0000] {logging_mixin.py:188} INFO - [2025-06-04T06:01:47.272+0000] {dag.py:3036} INFO - Sync 1 DAGs
[2025-06-04T06:01:47.289+0000] {logging_mixin.py:188} INFO - [2025-06-04T06:01:47.288+0000] {dag.py:3823} INFO - Setting next_dagrun for parallel_tasks_dag to None, run_after=None
[2025-06-04T06:01:47.328+0000] {processor.py:183} INFO - Processing /opt/airflow/dags/parallel_tasks_dag.py took 0.308 seconds
[2025-06-04T06:02:17.459+0000] {processor.py:161} INFO - Started process (PID=109) to work on /opt/airflow/dags/parallel_tasks_dag.py
[2025-06-04T06:02:17.460+0000] {processor.py:830} INFO - Processing file /opt/airflow/dags/parallel_tasks_dag.py for tasks to queue
[2025-06-04T06:02:17.461+0000] {logging_mixin.py:188} INFO - [2025-06-04T06:02:17.461+0000] {dagbag.py:538} INFO - Filling up the DagBag from /opt/airflow/dags/parallel_tasks_dag.py
[2025-06-04T06:02:17.477+0000] {processor.py:840} INFO - DAG(s) 'parallel_tasks_dag' retrieved from /opt/airflow/dags/parallel_tasks_dag.py
[2025-06-04T06:02:17.493+0000] {logging_mixin.py:188} INFO - [2025-06-04T06:02:17.493+0000] {dag.py:3036} INFO - Sync 1 DAGs
[2025-06-04T06:02:17.503+0000] {logging_mixin.py:188} INFO - [2025-06-04T06:02:17.502+0000] {dag.py:3823} INFO - Setting next_dagrun for parallel_tasks_dag to None, run_after=None
[2025-06-04T06:02:17.524+0000] {processor.py:183} INFO - Processing /opt/airflow/dags/parallel_tasks_dag.py took 0.068 seconds
[2025-06-04T06:02:47.713+0000] {processor.py:161} INFO - Started process (PID=168) to work on /opt/airflow/dags/parallel_tasks_dag.py
[2025-06-04T06:02:47.714+0000] {processor.py:830} INFO - Processing file /opt/airflow/dags/parallel_tasks_dag.py for tasks to queue
[2025-06-04T06:02:47.717+0000] {logging_mixin.py:188} INFO - [2025-06-04T06:02:47.717+0000] {dagbag.py:538} INFO - Filling up the DagBag from /opt/airflow/dags/parallel_tasks_dag.py
[2025-06-04T06:02:47.735+0000] {processor.py:840} INFO - DAG(s) 'parallel_tasks_dag' retrieved from /opt/airflow/dags/parallel_tasks_dag.py
[2025-06-04T06:02:47.754+0000] {logging_mixin.py:188} INFO - [2025-06-04T06:02:47.753+0000] {dag.py:3036} INFO - Sync 1 DAGs
[2025-06-04T06:02:47.764+0000] {logging_mixin.py:188} INFO - [2025-06-04T06:02:47.764+0000] {dag.py:3823} INFO - Setting next_dagrun for parallel_tasks_dag to None, run_after=None
[2025-06-04T06:02:47.782+0000] {processor.py:183} INFO - Processing /opt/airflow/dags/parallel_tasks_dag.py took 0.071 seconds
[2025-06-04T06:03:17.872+0000] {processor.py:161} INFO - Started process (PID=227) to work on /opt/airflow/dags/parallel_tasks_dag.py
[2025-06-04T06:03:17.873+0000] {processor.py:830} INFO - Processing file /opt/airflow/dags/parallel_tasks_dag.py for tasks to queue
[2025-06-04T06:03:17.874+0000] {logging_mixin.py:188} INFO - [2025-06-04T06:03:17.874+0000] {dagbag.py:538} INFO - Filling up the DagBag from /opt/airflow/dags/parallel_tasks_dag.py
[2025-06-04T06:03:17.891+0000] {processor.py:840} INFO - DAG(s) 'parallel_tasks_dag' retrieved from /opt/airflow/dags/parallel_tasks_dag.py
[2025-06-04T06:03:17.911+0000] {logging_mixin.py:188} INFO - [2025-06-04T06:03:17.911+0000] {dag.py:3036} INFO - Sync 1 DAGs
[2025-06-04T06:03:17.922+0000] {logging_mixin.py:188} INFO - [2025-06-04T06:03:17.922+0000] {dag.py:3823} INFO - Setting next_dagrun for parallel_tasks_dag to None, run_after=None
[2025-06-04T06:03:17.942+0000] {processor.py:183} INFO - Processing /opt/airflow/dags/parallel_tasks_dag.py took 0.072 seconds
[2025-06-04T06:03:48.238+0000] {processor.py:161} INFO - Started process (PID=286) to work on /opt/airflow/dags/parallel_tasks_dag.py
[2025-06-04T06:03:48.240+0000] {processor.py:830} INFO - Processing file /opt/airflow/dags/parallel_tasks_dag.py for tasks to queue
[2025-06-04T06:03:48.243+0000] {logging_mixin.py:188} INFO - [2025-06-04T06:03:48.243+0000] {dagbag.py:538} INFO - Filling up the DagBag from /opt/airflow/dags/parallel_tasks_dag.py
[2025-06-04T06:03:48.262+0000] {processor.py:840} INFO - DAG(s) 'parallel_tasks_dag' retrieved from /opt/airflow/dags/parallel_tasks_dag.py
[2025-06-04T06:03:48.285+0000] {logging_mixin.py:188} INFO - [2025-06-04T06:03:48.284+0000] {dag.py:3036} INFO - Sync 1 DAGs
[2025-06-04T06:03:48.295+0000] {logging_mixin.py:188} INFO - [2025-06-04T06:03:48.295+0000] {dag.py:3823} INFO - Setting next_dagrun for parallel_tasks_dag to None, run_after=None
[2025-06-04T06:03:48.319+0000] {processor.py:183} INFO - Processing /opt/airflow/dags/parallel_tasks_dag.py took 0.085 seconds
[2025-06-04T06:04:18.682+0000] {processor.py:161} INFO - Started process (PID=345) to work on /opt/airflow/dags/parallel_tasks_dag.py
[2025-06-04T06:04:18.683+0000] {processor.py:830} INFO - Processing file /opt/airflow/dags/parallel_tasks_dag.py for tasks to queue
[2025-06-04T06:04:18.685+0000] {logging_mixin.py:188} INFO - [2025-06-04T06:04:18.685+0000] {dagbag.py:538} INFO - Filling up the DagBag from /opt/airflow/dags/parallel_tasks_dag.py
[2025-06-04T06:04:18.703+0000] {processor.py:840} INFO - DAG(s) 'parallel_tasks_dag' retrieved from /opt/airflow/dags/parallel_tasks_dag.py
[2025-06-04T06:04:18.725+0000] {logging_mixin.py:188} INFO - [2025-06-04T06:04:18.724+0000] {dag.py:3036} INFO - Sync 1 DAGs
[2025-06-04T06:04:18.737+0000] {logging_mixin.py:188} INFO - [2025-06-04T06:04:18.736+0000] {dag.py:3823} INFO - Setting next_dagrun for parallel_tasks_dag to None, run_after=None
[2025-06-04T06:04:18.762+0000] {processor.py:183} INFO - Processing /opt/airflow/dags/parallel_tasks_dag.py took 0.083 seconds
[2025-06-04T06:04:48.996+0000] {processor.py:161} INFO - Started process (PID=404) to work on /opt/airflow/dags/parallel_tasks_dag.py
[2025-06-04T06:04:48.997+0000] {processor.py:830} INFO - Processing file /opt/airflow/dags/parallel_tasks_dag.py for tasks to queue
[2025-06-04T06:04:49.000+0000] {logging_mixin.py:188} INFO - [2025-06-04T06:04:48.999+0000] {dagbag.py:538} INFO - Filling up the DagBag from /opt/airflow/dags/parallel_tasks_dag.py
[2025-06-04T06:04:49.016+0000] {processor.py:840} INFO - DAG(s) 'parallel_tasks_dag' retrieved from /opt/airflow/dags/parallel_tasks_dag.py
[2025-06-04T06:04:49.035+0000] {logging_mixin.py:188} INFO - [2025-06-04T06:04:49.034+0000] {dag.py:3036} INFO - Sync 1 DAGs
[2025-06-04T06:04:49.045+0000] {logging_mixin.py:188} INFO - [2025-06-04T06:04:49.045+0000] {dag.py:3823} INFO - Setting next_dagrun for parallel_tasks_dag to None, run_after=None
[2025-06-04T06:04:49.066+0000] {processor.py:183} INFO - Processing /opt/airflow/dags/parallel_tasks_dag.py took 0.073 seconds
[2025-06-04T06:05:19.358+0000] {processor.py:161} INFO - Started process (PID=463) to work on /opt/airflow/dags/parallel_tasks_dag.py
[2025-06-04T06:05:19.359+0000] {processor.py:830} INFO - Processing file /opt/airflow/dags/parallel_tasks_dag.py for tasks to queue
[2025-06-04T06:05:19.363+0000] {logging_mixin.py:188} INFO - [2025-06-04T06:05:19.363+0000] {dagbag.py:538} INFO - Filling up the DagBag from /opt/airflow/dags/parallel_tasks_dag.py
[2025-06-04T06:05:19.376+0000] {processor.py:840} INFO - DAG(s) 'parallel_tasks_dag' retrieved from /opt/airflow/dags/parallel_tasks_dag.py
[2025-06-04T06:05:19.393+0000] {logging_mixin.py:188} INFO - [2025-06-04T06:05:19.393+0000] {dag.py:3036} INFO - Sync 1 DAGs
[2025-06-04T06:05:19.404+0000] {logging_mixin.py:188} INFO - [2025-06-04T06:05:19.404+0000] {dag.py:3823} INFO - Setting next_dagrun for parallel_tasks_dag to None, run_after=None
[2025-06-04T06:05:19.428+0000] {processor.py:183} INFO - Processing /opt/airflow/dags/parallel_tasks_dag.py took 0.075 seconds
[2025-06-04T06:05:49.798+0000] {processor.py:161} INFO - Started process (PID=522) to work on /opt/airflow/dags/parallel_tasks_dag.py
[2025-06-04T06:05:49.800+0000] {processor.py:830} INFO - Processing file /opt/airflow/dags/parallel_tasks_dag.py for tasks to queue
[2025-06-04T06:05:49.802+0000] {logging_mixin.py:188} INFO - [2025-06-04T06:05:49.802+0000] {dagbag.py:538} INFO - Filling up the DagBag from /opt/airflow/dags/parallel_tasks_dag.py
[2025-06-04T06:05:49.829+0000] {processor.py:840} INFO - DAG(s) 'parallel_tasks_dag' retrieved from /opt/airflow/dags/parallel_tasks_dag.py
[2025-06-04T06:05:49.845+0000] {logging_mixin.py:188} INFO - [2025-06-04T06:05:49.845+0000] {dag.py:3036} INFO - Sync 1 DAGs
[2025-06-04T06:05:49.856+0000] {logging_mixin.py:188} INFO - [2025-06-04T06:05:49.856+0000] {dag.py:3823} INFO - Setting next_dagrun for parallel_tasks_dag to None, run_after=None
[2025-06-04T06:05:49.877+0000] {processor.py:183} INFO - Processing /opt/airflow/dags/parallel_tasks_dag.py took 0.083 seconds
[2025-06-04T06:06:20.246+0000] {processor.py:161} INFO - Started process (PID=581) to work on /opt/airflow/dags/parallel_tasks_dag.py
[2025-06-04T06:06:20.249+0000] {processor.py:830} INFO - Processing file /opt/airflow/dags/parallel_tasks_dag.py for tasks to queue
[2025-06-04T06:06:20.251+0000] {logging_mixin.py:188} INFO - [2025-06-04T06:06:20.251+0000] {dagbag.py:538} INFO - Filling up the DagBag from /opt/airflow/dags/parallel_tasks_dag.py
[2025-06-04T06:06:20.265+0000] {processor.py:840} INFO - DAG(s) 'parallel_tasks_dag' retrieved from /opt/airflow/dags/parallel_tasks_dag.py
[2025-06-04T06:06:20.282+0000] {logging_mixin.py:188} INFO - [2025-06-04T06:06:20.282+0000] {dag.py:3036} INFO - Sync 1 DAGs
[2025-06-04T06:06:20.294+0000] {logging_mixin.py:188} INFO - [2025-06-04T06:06:20.293+0000] {dag.py:3823} INFO - Setting next_dagrun for parallel_tasks_dag to None, run_after=None
[2025-06-04T06:06:20.322+0000] {processor.py:183} INFO - Processing /opt/airflow/dags/parallel_tasks_dag.py took 0.078 seconds
[2025-06-04T06:06:50.914+0000] {processor.py:161} INFO - Started process (PID=646) to work on /opt/airflow/dags/parallel_tasks_dag.py
[2025-06-04T06:06:50.916+0000] {processor.py:830} INFO - Processing file /opt/airflow/dags/parallel_tasks_dag.py for tasks to queue
[2025-06-04T06:06:50.918+0000] {logging_mixin.py:188} INFO - [2025-06-04T06:06:50.917+0000] {dagbag.py:538} INFO - Filling up the DagBag from /opt/airflow/dags/parallel_tasks_dag.py
[2025-06-04T06:06:50.936+0000] {processor.py:840} INFO - DAG(s) 'parallel_tasks_dag' retrieved from /opt/airflow/dags/parallel_tasks_dag.py
[2025-06-04T06:06:50.954+0000] {logging_mixin.py:188} INFO - [2025-06-04T06:06:50.954+0000] {dag.py:3036} INFO - Sync 1 DAGs
[2025-06-04T06:06:50.968+0000] {logging_mixin.py:188} INFO - [2025-06-04T06:06:50.967+0000] {dag.py:3823} INFO - Setting next_dagrun for parallel_tasks_dag to None, run_after=None
[2025-06-04T06:06:50.994+0000] {processor.py:183} INFO - Processing /opt/airflow/dags/parallel_tasks_dag.py took 0.083 seconds
[2025-06-04T06:07:21.353+0000] {processor.py:161} INFO - Started process (PID=705) to work on /opt/airflow/dags/parallel_tasks_dag.py
[2025-06-04T06:07:21.355+0000] {processor.py:830} INFO - Processing file /opt/airflow/dags/parallel_tasks_dag.py for tasks to queue
[2025-06-04T06:07:21.357+0000] {logging_mixin.py:188} INFO - [2025-06-04T06:07:21.356+0000] {dagbag.py:538} INFO - Filling up the DagBag from /opt/airflow/dags/parallel_tasks_dag.py
[2025-06-04T06:07:21.370+0000] {processor.py:840} INFO - DAG(s) 'parallel_tasks_dag' retrieved from /opt/airflow/dags/parallel_tasks_dag.py
[2025-06-04T06:07:21.387+0000] {logging_mixin.py:188} INFO - [2025-06-04T06:07:21.386+0000] {dag.py:3036} INFO - Sync 1 DAGs
[2025-06-04T06:07:21.397+0000] {logging_mixin.py:188} INFO - [2025-06-04T06:07:21.397+0000] {dag.py:3823} INFO - Setting next_dagrun for parallel_tasks_dag to None, run_after=None
[2025-06-04T06:07:21.420+0000] {processor.py:183} INFO - Processing /opt/airflow/dags/parallel_tasks_dag.py took 0.069 seconds
[2025-06-04T06:07:51.552+0000] {processor.py:161} INFO - Started process (PID=764) to work on /opt/airflow/dags/parallel_tasks_dag.py
[2025-06-04T06:07:51.553+0000] {processor.py:830} INFO - Processing file /opt/airflow/dags/parallel_tasks_dag.py for tasks to queue
[2025-06-04T06:07:51.555+0000] {logging_mixin.py:188} INFO - [2025-06-04T06:07:51.554+0000] {dagbag.py:538} INFO - Filling up the DagBag from /opt/airflow/dags/parallel_tasks_dag.py
[2025-06-04T06:07:51.579+0000] {processor.py:840} INFO - DAG(s) 'parallel_tasks_dag' retrieved from /opt/airflow/dags/parallel_tasks_dag.py
[2025-06-04T06:07:51.595+0000] {logging_mixin.py:188} INFO - [2025-06-04T06:07:51.594+0000] {dag.py:3036} INFO - Sync 1 DAGs
[2025-06-04T06:07:51.602+0000] {logging_mixin.py:188} INFO - [2025-06-04T06:07:51.602+0000] {dag.py:3823} INFO - Setting next_dagrun for parallel_tasks_dag to None, run_after=None
[2025-06-04T06:07:51.623+0000] {processor.py:183} INFO - Processing /opt/airflow/dags/parallel_tasks_dag.py took 0.073 seconds
[2025-06-04T06:08:22.250+0000] {processor.py:161} INFO - Started process (PID=823) to work on /opt/airflow/dags/parallel_tasks_dag.py
[2025-06-04T06:08:22.251+0000] {processor.py:830} INFO - Processing file /opt/airflow/dags/parallel_tasks_dag.py for tasks to queue
[2025-06-04T06:08:22.254+0000] {logging_mixin.py:188} INFO - [2025-06-04T06:08:22.254+0000] {dagbag.py:538} INFO - Filling up the DagBag from /opt/airflow/dags/parallel_tasks_dag.py
[2025-06-04T06:08:22.284+0000] {processor.py:840} INFO - DAG(s) 'parallel_tasks_dag' retrieved from /opt/airflow/dags/parallel_tasks_dag.py
[2025-06-04T06:08:22.305+0000] {logging_mixin.py:188} INFO - [2025-06-04T06:08:22.305+0000] {dag.py:3036} INFO - Sync 1 DAGs
[2025-06-04T06:08:22.318+0000] {logging_mixin.py:188} INFO - [2025-06-04T06:08:22.318+0000] {dag.py:3823} INFO - Setting next_dagrun for parallel_tasks_dag to None, run_after=None
[2025-06-04T06:08:22.346+0000] {processor.py:183} INFO - Processing /opt/airflow/dags/parallel_tasks_dag.py took 0.106 seconds
[2025-06-04T06:08:52.886+0000] {processor.py:161} INFO - Started process (PID=882) to work on /opt/airflow/dags/parallel_tasks_dag.py
[2025-06-04T06:08:52.887+0000] {processor.py:830} INFO - Processing file /opt/airflow/dags/parallel_tasks_dag.py for tasks to queue
[2025-06-04T06:08:52.889+0000] {logging_mixin.py:188} INFO - [2025-06-04T06:08:52.889+0000] {dagbag.py:538} INFO - Filling up the DagBag from /opt/airflow/dags/parallel_tasks_dag.py
[2025-06-04T06:08:52.907+0000] {processor.py:840} INFO - DAG(s) 'parallel_tasks_dag' retrieved from /opt/airflow/dags/parallel_tasks_dag.py
[2025-06-04T06:08:52.925+0000] {logging_mixin.py:188} INFO - [2025-06-04T06:08:52.925+0000] {dag.py:3036} INFO - Sync 1 DAGs
[2025-06-04T06:08:52.935+0000] {logging_mixin.py:188} INFO - [2025-06-04T06:08:52.935+0000] {dag.py:3823} INFO - Setting next_dagrun for parallel_tasks_dag to None, run_after=None
[2025-06-04T06:08:52.963+0000] {processor.py:183} INFO - Processing /opt/airflow/dags/parallel_tasks_dag.py took 0.080 seconds
[2025-06-04T06:09:23.359+0000] {processor.py:161} INFO - Started process (PID=941) to work on /opt/airflow/dags/parallel_tasks_dag.py
[2025-06-04T06:09:23.360+0000] {processor.py:830} INFO - Processing file /opt/airflow/dags/parallel_tasks_dag.py for tasks to queue
[2025-06-04T06:09:23.362+0000] {logging_mixin.py:188} INFO - [2025-06-04T06:09:23.362+0000] {dagbag.py:538} INFO - Filling up the DagBag from /opt/airflow/dags/parallel_tasks_dag.py
[2025-06-04T06:09:23.381+0000] {processor.py:840} INFO - DAG(s) 'parallel_tasks_dag' retrieved from /opt/airflow/dags/parallel_tasks_dag.py
[2025-06-04T06:09:23.401+0000] {logging_mixin.py:188} INFO - [2025-06-04T06:09:23.401+0000] {dag.py:3036} INFO - Sync 1 DAGs
[2025-06-04T06:09:23.414+0000] {logging_mixin.py:188} INFO - [2025-06-04T06:09:23.414+0000] {dag.py:3823} INFO - Setting next_dagrun for parallel_tasks_dag to None, run_after=None
[2025-06-04T06:09:23.441+0000] {processor.py:183} INFO - Processing /opt/airflow/dags/parallel_tasks_dag.py took 0.085 seconds
[2025-06-04T06:09:53.651+0000] {processor.py:161} INFO - Started process (PID=1000) to work on /opt/airflow/dags/parallel_tasks_dag.py
[2025-06-04T06:09:53.653+0000] {processor.py:830} INFO - Processing file /opt/airflow/dags/parallel_tasks_dag.py for tasks to queue
[2025-06-04T06:09:53.655+0000] {logging_mixin.py:188} INFO - [2025-06-04T06:09:53.655+0000] {dagbag.py:538} INFO - Filling up the DagBag from /opt/airflow/dags/parallel_tasks_dag.py
[2025-06-04T06:09:53.674+0000] {processor.py:840} INFO - DAG(s) 'parallel_tasks_dag' retrieved from /opt/airflow/dags/parallel_tasks_dag.py
[2025-06-04T06:09:53.693+0000] {logging_mixin.py:188} INFO - [2025-06-04T06:09:53.693+0000] {dag.py:3036} INFO - Sync 1 DAGs
[2025-06-04T06:09:53.705+0000] {logging_mixin.py:188} INFO - [2025-06-04T06:09:53.705+0000] {dag.py:3823} INFO - Setting next_dagrun for parallel_tasks_dag to None, run_after=None
[2025-06-04T06:09:53.729+0000] {processor.py:183} INFO - Processing /opt/airflow/dags/parallel_tasks_dag.py took 0.083 seconds
[2025-06-04T06:10:24.063+0000] {processor.py:161} INFO - Started process (PID=1058) to work on /opt/airflow/dags/parallel_tasks_dag.py
[2025-06-04T06:10:24.064+0000] {processor.py:830} INFO - Processing file /opt/airflow/dags/parallel_tasks_dag.py for tasks to queue
[2025-06-04T06:10:24.066+0000] {logging_mixin.py:188} INFO - [2025-06-04T06:10:24.066+0000] {dagbag.py:538} INFO - Filling up the DagBag from /opt/airflow/dags/parallel_tasks_dag.py
[2025-06-04T06:10:24.089+0000] {processor.py:840} INFO - DAG(s) 'parallel_tasks_dag' retrieved from /opt/airflow/dags/parallel_tasks_dag.py
[2025-06-04T06:10:24.110+0000] {logging_mixin.py:188} INFO - [2025-06-04T06:10:24.109+0000] {dag.py:3036} INFO - Sync 1 DAGs
[2025-06-04T06:10:24.121+0000] {logging_mixin.py:188} INFO - [2025-06-04T06:10:24.120+0000] {dag.py:3823} INFO - Setting next_dagrun for parallel_tasks_dag to None, run_after=None
[2025-06-04T06:10:24.143+0000] {processor.py:183} INFO - Processing /opt/airflow/dags/parallel_tasks_dag.py took 0.086 seconds
[2025-06-04T06:10:54.354+0000] {processor.py:161} INFO - Started process (PID=1117) to work on /opt/airflow/dags/parallel_tasks_dag.py
[2025-06-04T06:10:54.356+0000] {processor.py:830} INFO - Processing file /opt/airflow/dags/parallel_tasks_dag.py for tasks to queue
[2025-06-04T06:10:54.359+0000] {logging_mixin.py:188} INFO - [2025-06-04T06:10:54.358+0000] {dagbag.py:538} INFO - Filling up the DagBag from /opt/airflow/dags/parallel_tasks_dag.py
[2025-06-04T06:10:54.381+0000] {processor.py:840} INFO - DAG(s) 'parallel_tasks_dag' retrieved from /opt/airflow/dags/parallel_tasks_dag.py
[2025-06-04T06:10:54.401+0000] {logging_mixin.py:188} INFO - [2025-06-04T06:10:54.401+0000] {dag.py:3036} INFO - Sync 1 DAGs
[2025-06-04T06:10:54.412+0000] {logging_mixin.py:188} INFO - [2025-06-04T06:10:54.411+0000] {dag.py:3823} INFO - Setting next_dagrun for parallel_tasks_dag to None, run_after=None
[2025-06-04T06:10:54.433+0000] {processor.py:183} INFO - Processing /opt/airflow/dags/parallel_tasks_dag.py took 0.082 seconds
[2025-06-04T06:11:24.818+0000] {processor.py:161} INFO - Started process (PID=1176) to work on /opt/airflow/dags/parallel_tasks_dag.py
[2025-06-04T06:11:24.819+0000] {processor.py:830} INFO - Processing file /opt/airflow/dags/parallel_tasks_dag.py for tasks to queue
[2025-06-04T06:11:24.820+0000] {logging_mixin.py:188} INFO - [2025-06-04T06:11:24.820+0000] {dagbag.py:538} INFO - Filling up the DagBag from /opt/airflow/dags/parallel_tasks_dag.py
[2025-06-04T06:11:24.842+0000] {processor.py:840} INFO - DAG(s) 'parallel_tasks_dag' retrieved from /opt/airflow/dags/parallel_tasks_dag.py
[2025-06-04T06:11:24.858+0000] {logging_mixin.py:188} INFO - [2025-06-04T06:11:24.858+0000] {dag.py:3036} INFO - Sync 1 DAGs
[2025-06-04T06:11:24.868+0000] {logging_mixin.py:188} INFO - [2025-06-04T06:11:24.868+0000] {dag.py:3823} INFO - Setting next_dagrun for parallel_tasks_dag to None, run_after=None
[2025-06-04T06:11:24.890+0000] {processor.py:183} INFO - Processing /opt/airflow/dags/parallel_tasks_dag.py took 0.075 seconds
[2025-06-04T06:11:55.308+0000] {processor.py:161} INFO - Started process (PID=1235) to work on /opt/airflow/dags/parallel_tasks_dag.py
[2025-06-04T06:11:55.309+0000] {processor.py:830} INFO - Processing file /opt/airflow/dags/parallel_tasks_dag.py for tasks to queue
[2025-06-04T06:11:55.314+0000] {logging_mixin.py:188} INFO - [2025-06-04T06:11:55.314+0000] {dagbag.py:538} INFO - Filling up the DagBag from /opt/airflow/dags/parallel_tasks_dag.py
[2025-06-04T06:11:55.328+0000] {processor.py:840} INFO - DAG(s) 'parallel_tasks_dag' retrieved from /opt/airflow/dags/parallel_tasks_dag.py
[2025-06-04T06:11:55.344+0000] {logging_mixin.py:188} INFO - [2025-06-04T06:11:55.343+0000] {dag.py:3036} INFO - Sync 1 DAGs
[2025-06-04T06:11:55.354+0000] {logging_mixin.py:188} INFO - [2025-06-04T06:11:55.354+0000] {dag.py:3823} INFO - Setting next_dagrun for parallel_tasks_dag to None, run_after=None
[2025-06-04T06:11:55.373+0000] {processor.py:183} INFO - Processing /opt/airflow/dags/parallel_tasks_dag.py took 0.068 seconds
[2025-06-04T06:12:25.656+0000] {processor.py:161} INFO - Started process (PID=1294) to work on /opt/airflow/dags/parallel_tasks_dag.py
[2025-06-04T06:12:25.657+0000] {processor.py:830} INFO - Processing file /opt/airflow/dags/parallel_tasks_dag.py for tasks to queue
[2025-06-04T06:12:25.659+0000] {logging_mixin.py:188} INFO - [2025-06-04T06:12:25.658+0000] {dagbag.py:538} INFO - Filling up the DagBag from /opt/airflow/dags/parallel_tasks_dag.py
[2025-06-04T06:12:25.682+0000] {processor.py:840} INFO - DAG(s) 'parallel_tasks_dag' retrieved from /opt/airflow/dags/parallel_tasks_dag.py
[2025-06-04T06:12:25.698+0000] {logging_mixin.py:188} INFO - [2025-06-04T06:12:25.698+0000] {dag.py:3036} INFO - Sync 1 DAGs
[2025-06-04T06:12:25.707+0000] {logging_mixin.py:188} INFO - [2025-06-04T06:12:25.707+0000] {dag.py:3823} INFO - Setting next_dagrun for parallel_tasks_dag to None, run_after=None
[2025-06-04T06:12:25.729+0000] {processor.py:183} INFO - Processing /opt/airflow/dags/parallel_tasks_dag.py took 0.075 seconds
[2025-06-04T06:12:55.918+0000] {processor.py:161} INFO - Started process (PID=1353) to work on /opt/airflow/dags/parallel_tasks_dag.py
[2025-06-04T06:12:55.918+0000] {processor.py:830} INFO - Processing file /opt/airflow/dags/parallel_tasks_dag.py for tasks to queue
[2025-06-04T06:12:55.920+0000] {logging_mixin.py:188} INFO - [2025-06-04T06:12:55.920+0000] {dagbag.py:538} INFO - Filling up the DagBag from /opt/airflow/dags/parallel_tasks_dag.py
[2025-06-04T06:12:55.938+0000] {processor.py:840} INFO - DAG(s) 'parallel_tasks_dag' retrieved from /opt/airflow/dags/parallel_tasks_dag.py
[2025-06-04T06:12:55.956+0000] {logging_mixin.py:188} INFO - [2025-06-04T06:12:55.956+0000] {dag.py:3036} INFO - Sync 1 DAGs
[2025-06-04T06:12:55.967+0000] {logging_mixin.py:188} INFO - [2025-06-04T06:12:55.967+0000] {dag.py:3823} INFO - Setting next_dagrun for parallel_tasks_dag to None, run_after=None
[2025-06-04T06:12:55.993+0000] {processor.py:183} INFO - Processing /opt/airflow/dags/parallel_tasks_dag.py took 0.078 seconds
[2025-06-04T06:13:26.197+0000] {processor.py:161} INFO - Started process (PID=1412) to work on /opt/airflow/dags/parallel_tasks_dag.py
[2025-06-04T06:13:26.200+0000] {processor.py:830} INFO - Processing file /opt/airflow/dags/parallel_tasks_dag.py for tasks to queue
[2025-06-04T06:13:26.202+0000] {logging_mixin.py:188} INFO - [2025-06-04T06:13:26.202+0000] {dagbag.py:538} INFO - Filling up the DagBag from /opt/airflow/dags/parallel_tasks_dag.py
[2025-06-04T06:13:26.235+0000] {processor.py:840} INFO - DAG(s) 'parallel_tasks_dag' retrieved from /opt/airflow/dags/parallel_tasks_dag.py
[2025-06-04T06:13:26.260+0000] {logging_mixin.py:188} INFO - [2025-06-04T06:13:26.260+0000] {dag.py:3036} INFO - Sync 1 DAGs
[2025-06-04T06:13:26.272+0000] {logging_mixin.py:188} INFO - [2025-06-04T06:13:26.272+0000] {dag.py:3823} INFO - Setting next_dagrun for parallel_tasks_dag to None, run_after=None
[2025-06-04T06:13:26.308+0000] {processor.py:183} INFO - Processing /opt/airflow/dags/parallel_tasks_dag.py took 0.114 seconds
[2025-06-04T06:13:56.457+0000] {processor.py:161} INFO - Started process (PID=1471) to work on /opt/airflow/dags/parallel_tasks_dag.py
[2025-06-04T06:13:56.459+0000] {processor.py:830} INFO - Processing file /opt/airflow/dags/parallel_tasks_dag.py for tasks to queue
[2025-06-04T06:13:56.460+0000] {logging_mixin.py:188} INFO - [2025-06-04T06:13:56.460+0000] {dagbag.py:538} INFO - Filling up the DagBag from /opt/airflow/dags/parallel_tasks_dag.py
[2025-06-04T06:13:56.476+0000] {processor.py:840} INFO - DAG(s) 'parallel_tasks_dag' retrieved from /opt/airflow/dags/parallel_tasks_dag.py
[2025-06-04T06:13:56.491+0000] {logging_mixin.py:188} INFO - [2025-06-04T06:13:56.490+0000] {dag.py:3036} INFO - Sync 1 DAGs
[2025-06-04T06:13:56.500+0000] {logging_mixin.py:188} INFO - [2025-06-04T06:13:56.499+0000] {dag.py:3823} INFO - Setting next_dagrun for parallel_tasks_dag to None, run_after=None
[2025-06-04T06:13:56.521+0000] {processor.py:183} INFO - Processing /opt/airflow/dags/parallel_tasks_dag.py took 0.066 seconds
[2025-06-04T06:14:27.191+0000] {processor.py:161} INFO - Started process (PID=1532) to work on /opt/airflow/dags/parallel_tasks_dag.py
[2025-06-04T06:14:27.192+0000] {processor.py:830} INFO - Processing file /opt/airflow/dags/parallel_tasks_dag.py for tasks to queue
[2025-06-04T06:14:27.195+0000] {logging_mixin.py:188} INFO - [2025-06-04T06:14:27.195+0000] {dagbag.py:538} INFO - Filling up the DagBag from /opt/airflow/dags/parallel_tasks_dag.py
[2025-06-04T06:14:27.216+0000] {processor.py:840} INFO - DAG(s) 'parallel_tasks_dag' retrieved from /opt/airflow/dags/parallel_tasks_dag.py
[2025-06-04T06:14:27.234+0000] {logging_mixin.py:188} INFO - [2025-06-04T06:14:27.234+0000] {dag.py:3036} INFO - Sync 1 DAGs
[2025-06-04T06:14:27.246+0000] {logging_mixin.py:188} INFO - [2025-06-04T06:14:27.246+0000] {dag.py:3823} INFO - Setting next_dagrun for parallel_tasks_dag to None, run_after=None
[2025-06-04T06:14:27.266+0000] {processor.py:183} INFO - Processing /opt/airflow/dags/parallel_tasks_dag.py took 0.080 seconds
[2025-06-04T06:14:57.355+0000] {processor.py:161} INFO - Started process (PID=1591) to work on /opt/airflow/dags/parallel_tasks_dag.py
[2025-06-04T06:14:57.356+0000] {processor.py:830} INFO - Processing file /opt/airflow/dags/parallel_tasks_dag.py for tasks to queue
[2025-06-04T06:14:57.358+0000] {logging_mixin.py:188} INFO - [2025-06-04T06:14:57.358+0000] {dagbag.py:538} INFO - Filling up the DagBag from /opt/airflow/dags/parallel_tasks_dag.py
[2025-06-04T06:14:57.379+0000] {processor.py:840} INFO - DAG(s) 'parallel_tasks_dag' retrieved from /opt/airflow/dags/parallel_tasks_dag.py
[2025-06-04T06:14:57.398+0000] {logging_mixin.py:188} INFO - [2025-06-04T06:14:57.397+0000] {dag.py:3036} INFO - Sync 1 DAGs
[2025-06-04T06:14:57.415+0000] {logging_mixin.py:188} INFO - [2025-06-04T06:14:57.415+0000] {dag.py:3823} INFO - Setting next_dagrun for parallel_tasks_dag to None, run_after=None
[2025-06-04T06:14:57.450+0000] {processor.py:183} INFO - Processing /opt/airflow/dags/parallel_tasks_dag.py took 0.098 seconds
[2025-06-04T06:15:27.552+0000] {processor.py:161} INFO - Started process (PID=1650) to work on /opt/airflow/dags/parallel_tasks_dag.py
[2025-06-04T06:15:27.553+0000] {processor.py:830} INFO - Processing file /opt/airflow/dags/parallel_tasks_dag.py for tasks to queue
[2025-06-04T06:15:27.555+0000] {logging_mixin.py:188} INFO - [2025-06-04T06:15:27.555+0000] {dagbag.py:538} INFO - Filling up the DagBag from /opt/airflow/dags/parallel_tasks_dag.py
[2025-06-04T06:15:27.578+0000] {processor.py:840} INFO - DAG(s) 'parallel_tasks_dag' retrieved from /opt/airflow/dags/parallel_tasks_dag.py
[2025-06-04T06:15:27.601+0000] {logging_mixin.py:188} INFO - [2025-06-04T06:15:27.601+0000] {dag.py:3036} INFO - Sync 1 DAGs
[2025-06-04T06:15:27.613+0000] {logging_mixin.py:188} INFO - [2025-06-04T06:15:27.613+0000] {dag.py:3823} INFO - Setting next_dagrun for parallel_tasks_dag to None, run_after=None
[2025-06-04T06:15:27.638+0000] {processor.py:183} INFO - Processing /opt/airflow/dags/parallel_tasks_dag.py took 0.091 seconds
[2025-06-04T06:15:57.970+0000] {processor.py:161} INFO - Started process (PID=1709) to work on /opt/airflow/dags/parallel_tasks_dag.py
[2025-06-04T06:15:57.971+0000] {processor.py:830} INFO - Processing file /opt/airflow/dags/parallel_tasks_dag.py for tasks to queue
[2025-06-04T06:15:57.973+0000] {logging_mixin.py:188} INFO - [2025-06-04T06:15:57.973+0000] {dagbag.py:538} INFO - Filling up the DagBag from /opt/airflow/dags/parallel_tasks_dag.py
[2025-06-04T06:15:57.998+0000] {processor.py:840} INFO - DAG(s) 'parallel_tasks_dag' retrieved from /opt/airflow/dags/parallel_tasks_dag.py
[2025-06-04T06:15:58.019+0000] {logging_mixin.py:188} INFO - [2025-06-04T06:15:58.018+0000] {dag.py:3036} INFO - Sync 1 DAGs
[2025-06-04T06:15:58.031+0000] {logging_mixin.py:188} INFO - [2025-06-04T06:15:58.031+0000] {dag.py:3823} INFO - Setting next_dagrun for parallel_tasks_dag to None, run_after=None
[2025-06-04T06:15:58.060+0000] {processor.py:183} INFO - Processing /opt/airflow/dags/parallel_tasks_dag.py took 0.093 seconds
[2025-06-04T06:16:28.353+0000] {processor.py:161} INFO - Started process (PID=1768) to work on /opt/airflow/dags/parallel_tasks_dag.py
[2025-06-04T06:16:28.354+0000] {processor.py:830} INFO - Processing file /opt/airflow/dags/parallel_tasks_dag.py for tasks to queue
[2025-06-04T06:16:28.357+0000] {logging_mixin.py:188} INFO - [2025-06-04T06:16:28.357+0000] {dagbag.py:538} INFO - Filling up the DagBag from /opt/airflow/dags/parallel_tasks_dag.py
[2025-06-04T06:16:28.383+0000] {processor.py:840} INFO - DAG(s) 'parallel_tasks_dag' retrieved from /opt/airflow/dags/parallel_tasks_dag.py
[2025-06-04T06:16:28.406+0000] {logging_mixin.py:188} INFO - [2025-06-04T06:16:28.405+0000] {dag.py:3036} INFO - Sync 1 DAGs
[2025-06-04T06:16:28.419+0000] {logging_mixin.py:188} INFO - [2025-06-04T06:16:28.419+0000] {dag.py:3823} INFO - Setting next_dagrun for parallel_tasks_dag to None, run_after=None
[2025-06-04T06:16:28.443+0000] {processor.py:183} INFO - Processing /opt/airflow/dags/parallel_tasks_dag.py took 0.093 seconds
[2025-06-04T06:16:59.219+0000] {processor.py:161} INFO - Started process (PID=1827) to work on /opt/airflow/dags/parallel_tasks_dag.py
[2025-06-04T06:16:59.220+0000] {processor.py:830} INFO - Processing file /opt/airflow/dags/parallel_tasks_dag.py for tasks to queue
[2025-06-04T06:16:59.222+0000] {logging_mixin.py:188} INFO - [2025-06-04T06:16:59.222+0000] {dagbag.py:538} INFO - Filling up the DagBag from /opt/airflow/dags/parallel_tasks_dag.py
[2025-06-04T06:16:59.230+0000] {processor.py:840} INFO - DAG(s) 'parallel_tasks_dag' retrieved from /opt/airflow/dags/parallel_tasks_dag.py
[2025-06-04T06:16:59.243+0000] {logging_mixin.py:188} INFO - [2025-06-04T06:16:59.243+0000] {dag.py:3036} INFO - Sync 1 DAGs
[2025-06-04T06:16:59.252+0000] {logging_mixin.py:188} INFO - [2025-06-04T06:16:59.251+0000] {dag.py:3823} INFO - Setting next_dagrun for parallel_tasks_dag to None, run_after=None
[2025-06-04T06:16:59.270+0000] {processor.py:183} INFO - Processing /opt/airflow/dags/parallel_tasks_dag.py took 0.054 seconds
[2025-06-04T06:17:29.353+0000] {processor.py:161} INFO - Started process (PID=1886) to work on /opt/airflow/dags/parallel_tasks_dag.py
[2025-06-04T06:17:29.356+0000] {processor.py:830} INFO - Processing file /opt/airflow/dags/parallel_tasks_dag.py for tasks to queue
[2025-06-04T06:17:29.360+0000] {logging_mixin.py:188} INFO - [2025-06-04T06:17:29.359+0000] {dagbag.py:538} INFO - Filling up the DagBag from /opt/airflow/dags/parallel_tasks_dag.py
[2025-06-04T06:17:29.384+0000] {processor.py:840} INFO - DAG(s) 'parallel_tasks_dag' retrieved from /opt/airflow/dags/parallel_tasks_dag.py
[2025-06-04T06:17:29.409+0000] {logging_mixin.py:188} INFO - [2025-06-04T06:17:29.409+0000] {dag.py:3036} INFO - Sync 1 DAGs
[2025-06-04T06:17:29.420+0000] {logging_mixin.py:188} INFO - [2025-06-04T06:17:29.420+0000] {dag.py:3823} INFO - Setting next_dagrun for parallel_tasks_dag to None, run_after=None
[2025-06-04T06:17:29.450+0000] {processor.py:183} INFO - Processing /opt/airflow/dags/parallel_tasks_dag.py took 0.103 seconds
[2025-06-04T06:17:59.633+0000] {processor.py:161} INFO - Started process (PID=1946) to work on /opt/airflow/dags/parallel_tasks_dag.py
[2025-06-04T06:17:59.634+0000] {processor.py:830} INFO - Processing file /opt/airflow/dags/parallel_tasks_dag.py for tasks to queue
[2025-06-04T06:17:59.638+0000] {logging_mixin.py:188} INFO - [2025-06-04T06:17:59.637+0000] {dagbag.py:538} INFO - Filling up the DagBag from /opt/airflow/dags/parallel_tasks_dag.py
[2025-06-04T06:17:59.661+0000] {processor.py:840} INFO - DAG(s) 'parallel_tasks_dag' retrieved from /opt/airflow/dags/parallel_tasks_dag.py
[2025-06-04T06:17:59.679+0000] {logging_mixin.py:188} INFO - [2025-06-04T06:17:59.679+0000] {dag.py:3036} INFO - Sync 1 DAGs
[2025-06-04T06:17:59.690+0000] {logging_mixin.py:188} INFO - [2025-06-04T06:17:59.689+0000] {dag.py:3823} INFO - Setting next_dagrun for parallel_tasks_dag to None, run_after=None
[2025-06-04T06:17:59.713+0000] {processor.py:183} INFO - Processing /opt/airflow/dags/parallel_tasks_dag.py took 0.083 seconds
[2025-06-04T06:18:29.840+0000] {processor.py:161} INFO - Started process (PID=2005) to work on /opt/airflow/dags/parallel_tasks_dag.py
[2025-06-04T06:18:29.842+0000] {processor.py:830} INFO - Processing file /opt/airflow/dags/parallel_tasks_dag.py for tasks to queue
[2025-06-04T06:18:29.844+0000] {logging_mixin.py:188} INFO - [2025-06-04T06:18:29.844+0000] {dagbag.py:538} INFO - Filling up the DagBag from /opt/airflow/dags/parallel_tasks_dag.py
[2025-06-04T06:18:29.873+0000] {processor.py:840} INFO - DAG(s) 'parallel_tasks_dag' retrieved from /opt/airflow/dags/parallel_tasks_dag.py
[2025-06-04T06:18:29.890+0000] {logging_mixin.py:188} INFO - [2025-06-04T06:18:29.890+0000] {dag.py:3036} INFO - Sync 1 DAGs
[2025-06-04T06:18:29.899+0000] {logging_mixin.py:188} INFO - [2025-06-04T06:18:29.899+0000] {dag.py:3823} INFO - Setting next_dagrun for parallel_tasks_dag to None, run_after=None
[2025-06-04T06:18:29.915+0000] {processor.py:183} INFO - Processing /opt/airflow/dags/parallel_tasks_dag.py took 0.077 seconds
[2025-06-04T06:49:52.001+0000] {processor.py:161} INFO - Started process (PID=62) to work on /opt/airflow/dags/parallel_tasks_dag.py
[2025-06-04T06:49:52.004+0000] {processor.py:830} INFO - Processing file /opt/airflow/dags/parallel_tasks_dag.py for tasks to queue
[2025-06-04T06:49:52.007+0000] {logging_mixin.py:188} INFO - [2025-06-04T06:49:52.007+0000] {dagbag.py:538} INFO - Filling up the DagBag from /opt/airflow/dags/parallel_tasks_dag.py
[2025-06-04T06:49:52.048+0000] {processor.py:840} INFO - DAG(s) 'parallel_tasks_dag' retrieved from /opt/airflow/dags/parallel_tasks_dag.py
[2025-06-04T06:49:52.413+0000] {logging_mixin.py:188} INFO - [2025-06-04T06:49:52.412+0000] {dag.py:3036} INFO - Sync 1 DAGs
[2025-06-04T06:49:52.433+0000] {logging_mixin.py:188} INFO - [2025-06-04T06:49:52.432+0000] {dag.py:3823} INFO - Setting next_dagrun for parallel_tasks_dag to None, run_after=None
[2025-06-04T06:49:52.479+0000] {processor.py:183} INFO - Processing /opt/airflow/dags/parallel_tasks_dag.py took 0.485 seconds
[2025-06-04T06:50:22.891+0000] {processor.py:161} INFO - Started process (PID=121) to work on /opt/airflow/dags/parallel_tasks_dag.py
[2025-06-04T06:50:22.896+0000] {processor.py:830} INFO - Processing file /opt/airflow/dags/parallel_tasks_dag.py for tasks to queue
[2025-06-04T06:50:22.900+0000] {logging_mixin.py:188} INFO - [2025-06-04T06:50:22.900+0000] {dagbag.py:538} INFO - Filling up the DagBag from /opt/airflow/dags/parallel_tasks_dag.py
[2025-06-04T06:50:22.924+0000] {processor.py:840} INFO - DAG(s) 'parallel_tasks_dag' retrieved from /opt/airflow/dags/parallel_tasks_dag.py
[2025-06-04T06:50:22.963+0000] {logging_mixin.py:188} INFO - [2025-06-04T06:50:22.962+0000] {dag.py:3036} INFO - Sync 1 DAGs
[2025-06-04T06:50:22.986+0000] {logging_mixin.py:188} INFO - [2025-06-04T06:50:22.986+0000] {dag.py:3823} INFO - Setting next_dagrun for parallel_tasks_dag to None, run_after=None
[2025-06-04T06:50:23.020+0000] {processor.py:183} INFO - Processing /opt/airflow/dags/parallel_tasks_dag.py took 0.133 seconds
[2025-06-04T06:50:53.662+0000] {processor.py:161} INFO - Started process (PID=180) to work on /opt/airflow/dags/parallel_tasks_dag.py
[2025-06-04T06:50:53.665+0000] {processor.py:830} INFO - Processing file /opt/airflow/dags/parallel_tasks_dag.py for tasks to queue
[2025-06-04T06:50:53.668+0000] {logging_mixin.py:188} INFO - [2025-06-04T06:50:53.668+0000] {dagbag.py:538} INFO - Filling up the DagBag from /opt/airflow/dags/parallel_tasks_dag.py
[2025-06-04T06:50:53.693+0000] {processor.py:840} INFO - DAG(s) 'parallel_tasks_dag' retrieved from /opt/airflow/dags/parallel_tasks_dag.py
[2025-06-04T06:50:53.727+0000] {logging_mixin.py:188} INFO - [2025-06-04T06:50:53.727+0000] {dag.py:3036} INFO - Sync 1 DAGs
[2025-06-04T06:50:53.743+0000] {logging_mixin.py:188} INFO - [2025-06-04T06:50:53.743+0000] {dag.py:3823} INFO - Setting next_dagrun for parallel_tasks_dag to None, run_after=None
[2025-06-04T06:50:53.772+0000] {processor.py:183} INFO - Processing /opt/airflow/dags/parallel_tasks_dag.py took 0.120 seconds
[2025-06-04T06:51:23.969+0000] {processor.py:161} INFO - Started process (PID=239) to work on /opt/airflow/dags/parallel_tasks_dag.py
[2025-06-04T06:51:23.971+0000] {processor.py:830} INFO - Processing file /opt/airflow/dags/parallel_tasks_dag.py for tasks to queue
[2025-06-04T06:51:23.973+0000] {logging_mixin.py:188} INFO - [2025-06-04T06:51:23.973+0000] {dagbag.py:538} INFO - Filling up the DagBag from /opt/airflow/dags/parallel_tasks_dag.py
[2025-06-04T06:51:24.000+0000] {processor.py:840} INFO - DAG(s) 'parallel_tasks_dag' retrieved from /opt/airflow/dags/parallel_tasks_dag.py
[2025-06-04T06:51:24.020+0000] {logging_mixin.py:188} INFO - [2025-06-04T06:51:24.020+0000] {dag.py:3036} INFO - Sync 1 DAGs
[2025-06-04T06:51:24.034+0000] {logging_mixin.py:188} INFO - [2025-06-04T06:51:24.034+0000] {dag.py:3823} INFO - Setting next_dagrun for parallel_tasks_dag to None, run_after=None
[2025-06-04T06:51:24.057+0000] {processor.py:183} INFO - Processing /opt/airflow/dags/parallel_tasks_dag.py took 0.092 seconds
[2025-06-04T06:51:54.340+0000] {processor.py:161} INFO - Started process (PID=303) to work on /opt/airflow/dags/parallel_tasks_dag.py
[2025-06-04T06:51:54.343+0000] {processor.py:830} INFO - Processing file /opt/airflow/dags/parallel_tasks_dag.py for tasks to queue
[2025-06-04T06:51:54.347+0000] {logging_mixin.py:188} INFO - [2025-06-04T06:51:54.347+0000] {dagbag.py:538} INFO - Filling up the DagBag from /opt/airflow/dags/parallel_tasks_dag.py
[2025-06-04T06:51:54.378+0000] {processor.py:840} INFO - DAG(s) 'parallel_tasks_dag' retrieved from /opt/airflow/dags/parallel_tasks_dag.py
[2025-06-04T06:51:54.411+0000] {logging_mixin.py:188} INFO - [2025-06-04T06:51:54.411+0000] {dag.py:3036} INFO - Sync 1 DAGs
[2025-06-04T06:51:54.427+0000] {logging_mixin.py:188} INFO - [2025-06-04T06:51:54.427+0000] {dag.py:3823} INFO - Setting next_dagrun for parallel_tasks_dag to None, run_after=None
[2025-06-04T06:51:54.477+0000] {processor.py:183} INFO - Processing /opt/airflow/dags/parallel_tasks_dag.py took 0.145 seconds
[2025-06-04T06:52:24.944+0000] {processor.py:161} INFO - Started process (PID=362) to work on /opt/airflow/dags/parallel_tasks_dag.py
[2025-06-04T06:52:24.946+0000] {processor.py:830} INFO - Processing file /opt/airflow/dags/parallel_tasks_dag.py for tasks to queue
[2025-06-04T06:52:24.948+0000] {logging_mixin.py:188} INFO - [2025-06-04T06:52:24.948+0000] {dagbag.py:538} INFO - Filling up the DagBag from /opt/airflow/dags/parallel_tasks_dag.py
[2025-06-04T06:52:24.967+0000] {processor.py:840} INFO - DAG(s) 'parallel_tasks_dag' retrieved from /opt/airflow/dags/parallel_tasks_dag.py
[2025-06-04T06:52:24.987+0000] {logging_mixin.py:188} INFO - [2025-06-04T06:52:24.987+0000] {dag.py:3036} INFO - Sync 1 DAGs
[2025-06-04T06:52:25.000+0000] {logging_mixin.py:188} INFO - [2025-06-04T06:52:25.000+0000] {dag.py:3823} INFO - Setting next_dagrun for parallel_tasks_dag to None, run_after=None
[2025-06-04T06:52:25.041+0000] {processor.py:183} INFO - Processing /opt/airflow/dags/parallel_tasks_dag.py took 0.102 seconds
[2025-06-04T06:52:55.479+0000] {processor.py:161} INFO - Started process (PID=421) to work on /opt/airflow/dags/parallel_tasks_dag.py
[2025-06-04T06:52:55.481+0000] {processor.py:830} INFO - Processing file /opt/airflow/dags/parallel_tasks_dag.py for tasks to queue
[2025-06-04T06:52:55.483+0000] {logging_mixin.py:188} INFO - [2025-06-04T06:52:55.483+0000] {dagbag.py:538} INFO - Filling up the DagBag from /opt/airflow/dags/parallel_tasks_dag.py
[2025-06-04T06:52:55.500+0000] {processor.py:840} INFO - DAG(s) 'parallel_tasks_dag' retrieved from /opt/airflow/dags/parallel_tasks_dag.py
[2025-06-04T06:52:55.524+0000] {logging_mixin.py:188} INFO - [2025-06-04T06:52:55.524+0000] {dag.py:3036} INFO - Sync 1 DAGs
[2025-06-04T06:52:55.541+0000] {logging_mixin.py:188} INFO - [2025-06-04T06:52:55.541+0000] {dag.py:3823} INFO - Setting next_dagrun for parallel_tasks_dag to None, run_after=None
[2025-06-04T06:52:55.564+0000] {processor.py:183} INFO - Processing /opt/airflow/dags/parallel_tasks_dag.py took 0.089 seconds
[2025-06-04T06:53:26.034+0000] {processor.py:161} INFO - Started process (PID=480) to work on /opt/airflow/dags/parallel_tasks_dag.py
[2025-06-04T06:53:26.040+0000] {processor.py:830} INFO - Processing file /opt/airflow/dags/parallel_tasks_dag.py for tasks to queue
[2025-06-04T06:53:26.051+0000] {logging_mixin.py:188} INFO - [2025-06-04T06:53:26.051+0000] {dagbag.py:538} INFO - Filling up the DagBag from /opt/airflow/dags/parallel_tasks_dag.py
[2025-06-04T06:53:26.070+0000] {processor.py:840} INFO - DAG(s) 'parallel_tasks_dag' retrieved from /opt/airflow/dags/parallel_tasks_dag.py
[2025-06-04T06:53:26.097+0000] {logging_mixin.py:188} INFO - [2025-06-04T06:53:26.096+0000] {dag.py:3036} INFO - Sync 1 DAGs
[2025-06-04T06:53:26.112+0000] {logging_mixin.py:188} INFO - [2025-06-04T06:53:26.112+0000] {dag.py:3823} INFO - Setting next_dagrun for parallel_tasks_dag to None, run_after=None
[2025-06-04T06:53:26.157+0000] {processor.py:183} INFO - Processing /opt/airflow/dags/parallel_tasks_dag.py took 0.130 seconds
[2025-06-04T06:53:56.383+0000] {processor.py:161} INFO - Started process (PID=539) to work on /opt/airflow/dags/parallel_tasks_dag.py
[2025-06-04T06:53:56.384+0000] {processor.py:830} INFO - Processing file /opt/airflow/dags/parallel_tasks_dag.py for tasks to queue
[2025-06-04T06:53:56.387+0000] {logging_mixin.py:188} INFO - [2025-06-04T06:53:56.387+0000] {dagbag.py:538} INFO - Filling up the DagBag from /opt/airflow/dags/parallel_tasks_dag.py
[2025-06-04T06:53:56.410+0000] {processor.py:840} INFO - DAG(s) 'parallel_tasks_dag' retrieved from /opt/airflow/dags/parallel_tasks_dag.py
[2025-06-04T06:53:56.436+0000] {logging_mixin.py:188} INFO - [2025-06-04T06:53:56.436+0000] {dag.py:3036} INFO - Sync 1 DAGs
[2025-06-04T06:53:56.449+0000] {logging_mixin.py:188} INFO - [2025-06-04T06:53:56.449+0000] {dag.py:3823} INFO - Setting next_dagrun for parallel_tasks_dag to None, run_after=None
[2025-06-04T06:53:56.494+0000] {processor.py:183} INFO - Processing /opt/airflow/dags/parallel_tasks_dag.py took 0.116 seconds
[2025-06-04T06:54:26.614+0000] {processor.py:161} INFO - Started process (PID=598) to work on /opt/airflow/dags/parallel_tasks_dag.py
[2025-06-04T06:54:26.615+0000] {processor.py:830} INFO - Processing file /opt/airflow/dags/parallel_tasks_dag.py for tasks to queue
[2025-06-04T06:54:26.618+0000] {logging_mixin.py:188} INFO - [2025-06-04T06:54:26.617+0000] {dagbag.py:538} INFO - Filling up the DagBag from /opt/airflow/dags/parallel_tasks_dag.py
[2025-06-04T06:54:26.634+0000] {processor.py:840} INFO - DAG(s) 'parallel_tasks_dag' retrieved from /opt/airflow/dags/parallel_tasks_dag.py
[2025-06-04T06:54:26.659+0000] {logging_mixin.py:188} INFO - [2025-06-04T06:54:26.658+0000] {dag.py:3036} INFO - Sync 1 DAGs
[2025-06-04T06:54:26.671+0000] {logging_mixin.py:188} INFO - [2025-06-04T06:54:26.671+0000] {dag.py:3823} INFO - Setting next_dagrun for parallel_tasks_dag to None, run_after=None
[2025-06-04T06:54:26.691+0000] {processor.py:183} INFO - Processing /opt/airflow/dags/parallel_tasks_dag.py took 0.084 seconds
[2025-06-04T06:54:57.317+0000] {processor.py:161} INFO - Started process (PID=657) to work on /opt/airflow/dags/parallel_tasks_dag.py
[2025-06-04T06:54:57.318+0000] {processor.py:830} INFO - Processing file /opt/airflow/dags/parallel_tasks_dag.py for tasks to queue
[2025-06-04T06:54:57.322+0000] {logging_mixin.py:188} INFO - [2025-06-04T06:54:57.321+0000] {dagbag.py:538} INFO - Filling up the DagBag from /opt/airflow/dags/parallel_tasks_dag.py
[2025-06-04T06:54:57.337+0000] {processor.py:840} INFO - DAG(s) 'parallel_tasks_dag' retrieved from /opt/airflow/dags/parallel_tasks_dag.py
[2025-06-04T06:54:57.361+0000] {logging_mixin.py:188} INFO - [2025-06-04T06:54:57.361+0000] {dag.py:3036} INFO - Sync 1 DAGs
[2025-06-04T06:54:57.375+0000] {logging_mixin.py:188} INFO - [2025-06-04T06:54:57.375+0000] {dag.py:3823} INFO - Setting next_dagrun for parallel_tasks_dag to None, run_after=None
[2025-06-04T06:54:57.418+0000] {processor.py:183} INFO - Processing /opt/airflow/dags/parallel_tasks_dag.py took 0.105 seconds
[2025-06-04T06:55:27.597+0000] {processor.py:161} INFO - Started process (PID=716) to work on /opt/airflow/dags/parallel_tasks_dag.py
[2025-06-04T06:55:27.599+0000] {processor.py:830} INFO - Processing file /opt/airflow/dags/parallel_tasks_dag.py for tasks to queue
[2025-06-04T06:55:27.601+0000] {logging_mixin.py:188} INFO - [2025-06-04T06:55:27.601+0000] {dagbag.py:538} INFO - Filling up the DagBag from /opt/airflow/dags/parallel_tasks_dag.py
[2025-06-04T06:55:27.624+0000] {processor.py:840} INFO - DAG(s) 'parallel_tasks_dag' retrieved from /opt/airflow/dags/parallel_tasks_dag.py
[2025-06-04T06:55:27.647+0000] {logging_mixin.py:188} INFO - [2025-06-04T06:55:27.646+0000] {dag.py:3036} INFO - Sync 1 DAGs
[2025-06-04T06:55:27.658+0000] {logging_mixin.py:188} INFO - [2025-06-04T06:55:27.658+0000] {dag.py:3823} INFO - Setting next_dagrun for parallel_tasks_dag to None, run_after=None
[2025-06-04T06:55:27.702+0000] {processor.py:183} INFO - Processing /opt/airflow/dags/parallel_tasks_dag.py took 0.110 seconds
[2025-06-04T06:55:58.027+0000] {processor.py:161} INFO - Started process (PID=774) to work on /opt/airflow/dags/parallel_tasks_dag.py
[2025-06-04T06:55:58.028+0000] {processor.py:830} INFO - Processing file /opt/airflow/dags/parallel_tasks_dag.py for tasks to queue
[2025-06-04T06:55:58.030+0000] {logging_mixin.py:188} INFO - [2025-06-04T06:55:58.030+0000] {dagbag.py:538} INFO - Filling up the DagBag from /opt/airflow/dags/parallel_tasks_dag.py
[2025-06-04T06:55:58.046+0000] {processor.py:840} INFO - DAG(s) 'parallel_tasks_dag' retrieved from /opt/airflow/dags/parallel_tasks_dag.py
[2025-06-04T06:55:58.068+0000] {logging_mixin.py:188} INFO - [2025-06-04T06:55:58.068+0000] {dag.py:3036} INFO - Sync 1 DAGs
[2025-06-04T06:55:58.081+0000] {logging_mixin.py:188} INFO - [2025-06-04T06:55:58.081+0000] {dag.py:3823} INFO - Setting next_dagrun for parallel_tasks_dag to None, run_after=None
[2025-06-04T06:55:58.100+0000] {processor.py:183} INFO - Processing /opt/airflow/dags/parallel_tasks_dag.py took 0.078 seconds
[2025-06-04T06:56:28.629+0000] {processor.py:161} INFO - Started process (PID=833) to work on /opt/airflow/dags/parallel_tasks_dag.py
[2025-06-04T06:56:28.631+0000] {processor.py:830} INFO - Processing file /opt/airflow/dags/parallel_tasks_dag.py for tasks to queue
[2025-06-04T06:56:28.634+0000] {logging_mixin.py:188} INFO - [2025-06-04T06:56:28.633+0000] {dagbag.py:538} INFO - Filling up the DagBag from /opt/airflow/dags/parallel_tasks_dag.py
[2025-06-04T06:56:28.660+0000] {processor.py:840} INFO - DAG(s) 'parallel_tasks_dag' retrieved from /opt/airflow/dags/parallel_tasks_dag.py
[2025-06-04T06:56:28.685+0000] {logging_mixin.py:188} INFO - [2025-06-04T06:56:28.685+0000] {dag.py:3036} INFO - Sync 1 DAGs
[2025-06-04T06:56:28.697+0000] {logging_mixin.py:188} INFO - [2025-06-04T06:56:28.697+0000] {dag.py:3823} INFO - Setting next_dagrun for parallel_tasks_dag to None, run_after=None
[2025-06-04T06:56:28.715+0000] {processor.py:183} INFO - Processing /opt/airflow/dags/parallel_tasks_dag.py took 0.090 seconds
[2025-06-04T06:56:59.312+0000] {processor.py:161} INFO - Started process (PID=892) to work on /opt/airflow/dags/parallel_tasks_dag.py
[2025-06-04T06:56:59.313+0000] {processor.py:830} INFO - Processing file /opt/airflow/dags/parallel_tasks_dag.py for tasks to queue
[2025-06-04T06:56:59.316+0000] {logging_mixin.py:188} INFO - [2025-06-04T06:56:59.315+0000] {dagbag.py:538} INFO - Filling up the DagBag from /opt/airflow/dags/parallel_tasks_dag.py
[2025-06-04T06:56:59.333+0000] {processor.py:840} INFO - DAG(s) 'parallel_tasks_dag' retrieved from /opt/airflow/dags/parallel_tasks_dag.py
[2025-06-04T06:56:59.359+0000] {logging_mixin.py:188} INFO - [2025-06-04T06:56:59.359+0000] {dag.py:3036} INFO - Sync 1 DAGs
[2025-06-04T06:56:59.370+0000] {logging_mixin.py:188} INFO - [2025-06-04T06:56:59.370+0000] {dag.py:3823} INFO - Setting next_dagrun for parallel_tasks_dag to None, run_after=None
[2025-06-04T06:56:59.389+0000] {processor.py:183} INFO - Processing /opt/airflow/dags/parallel_tasks_dag.py took 0.081 seconds
[2025-06-04T06:57:29.642+0000] {processor.py:161} INFO - Started process (PID=951) to work on /opt/airflow/dags/parallel_tasks_dag.py
[2025-06-04T06:57:29.644+0000] {processor.py:830} INFO - Processing file /opt/airflow/dags/parallel_tasks_dag.py for tasks to queue
[2025-06-04T06:57:29.646+0000] {logging_mixin.py:188} INFO - [2025-06-04T06:57:29.646+0000] {dagbag.py:538} INFO - Filling up the DagBag from /opt/airflow/dags/parallel_tasks_dag.py
[2025-06-04T06:57:29.665+0000] {processor.py:840} INFO - DAG(s) 'parallel_tasks_dag' retrieved from /opt/airflow/dags/parallel_tasks_dag.py
[2025-06-04T06:57:29.690+0000] {logging_mixin.py:188} INFO - [2025-06-04T06:57:29.689+0000] {dag.py:3036} INFO - Sync 1 DAGs
[2025-06-04T06:57:29.704+0000] {logging_mixin.py:188} INFO - [2025-06-04T06:57:29.703+0000] {dag.py:3823} INFO - Setting next_dagrun for parallel_tasks_dag to None, run_after=None
[2025-06-04T06:57:29.745+0000] {processor.py:183} INFO - Processing /opt/airflow/dags/parallel_tasks_dag.py took 0.107 seconds
[2025-06-04T06:58:00.259+0000] {processor.py:161} INFO - Started process (PID=1010) to work on /opt/airflow/dags/parallel_tasks_dag.py
[2025-06-04T06:58:00.261+0000] {processor.py:830} INFO - Processing file /opt/airflow/dags/parallel_tasks_dag.py for tasks to queue
[2025-06-04T06:58:00.264+0000] {logging_mixin.py:188} INFO - [2025-06-04T06:58:00.263+0000] {dagbag.py:538} INFO - Filling up the DagBag from /opt/airflow/dags/parallel_tasks_dag.py
[2025-06-04T06:58:00.304+0000] {processor.py:840} INFO - DAG(s) 'parallel_tasks_dag' retrieved from /opt/airflow/dags/parallel_tasks_dag.py
[2025-06-04T06:58:00.333+0000] {logging_mixin.py:188} INFO - [2025-06-04T06:58:00.333+0000] {dag.py:3036} INFO - Sync 1 DAGs
[2025-06-04T06:58:00.349+0000] {logging_mixin.py:188} INFO - [2025-06-04T06:58:00.349+0000] {dag.py:3823} INFO - Setting next_dagrun for parallel_tasks_dag to None, run_after=None
[2025-06-04T06:58:00.388+0000] {processor.py:183} INFO - Processing /opt/airflow/dags/parallel_tasks_dag.py took 0.134 seconds
[2025-06-04T06:58:30.638+0000] {processor.py:161} INFO - Started process (PID=1067) to work on /opt/airflow/dags/parallel_tasks_dag.py
[2025-06-04T06:58:30.639+0000] {processor.py:830} INFO - Processing file /opt/airflow/dags/parallel_tasks_dag.py for tasks to queue
[2025-06-04T06:58:30.642+0000] {logging_mixin.py:188} INFO - [2025-06-04T06:58:30.642+0000] {dagbag.py:538} INFO - Filling up the DagBag from /opt/airflow/dags/parallel_tasks_dag.py
[2025-06-04T06:58:30.663+0000] {processor.py:840} INFO - DAG(s) 'parallel_tasks_dag' retrieved from /opt/airflow/dags/parallel_tasks_dag.py
[2025-06-04T06:58:30.690+0000] {logging_mixin.py:188} INFO - [2025-06-04T06:58:30.689+0000] {dag.py:3036} INFO - Sync 1 DAGs
[2025-06-04T06:58:30.705+0000] {logging_mixin.py:188} INFO - [2025-06-04T06:58:30.705+0000] {dag.py:3823} INFO - Setting next_dagrun for parallel_tasks_dag to None, run_after=None
[2025-06-04T06:58:30.726+0000] {processor.py:183} INFO - Processing /opt/airflow/dags/parallel_tasks_dag.py took 0.092 seconds
[2025-06-04T06:59:00.928+0000] {processor.py:161} INFO - Started process (PID=1128) to work on /opt/airflow/dags/parallel_tasks_dag.py
[2025-06-04T06:59:00.930+0000] {processor.py:830} INFO - Processing file /opt/airflow/dags/parallel_tasks_dag.py for tasks to queue
[2025-06-04T06:59:00.933+0000] {logging_mixin.py:188} INFO - [2025-06-04T06:59:00.933+0000] {dagbag.py:538} INFO - Filling up the DagBag from /opt/airflow/dags/parallel_tasks_dag.py
[2025-06-04T06:59:00.948+0000] {processor.py:840} INFO - DAG(s) 'parallel_tasks_dag' retrieved from /opt/airflow/dags/parallel_tasks_dag.py
[2025-06-04T06:59:00.966+0000] {logging_mixin.py:188} INFO - [2025-06-04T06:59:00.966+0000] {dag.py:3036} INFO - Sync 1 DAGs
[2025-06-04T06:59:00.979+0000] {logging_mixin.py:188} INFO - [2025-06-04T06:59:00.978+0000] {dag.py:3823} INFO - Setting next_dagrun for parallel_tasks_dag to None, run_after=None
[2025-06-04T06:59:01.020+0000] {processor.py:183} INFO - Processing /opt/airflow/dags/parallel_tasks_dag.py took 0.096 seconds
[2025-06-04T06:59:19.395+0000] {processor.py:161} INFO - Started process (PID=1181) to work on /opt/airflow/dags/parallel_tasks_dag.py
[2025-06-04T06:59:19.397+0000] {processor.py:830} INFO - Processing file /opt/airflow/dags/parallel_tasks_dag.py for tasks to queue
[2025-06-04T06:59:19.399+0000] {logging_mixin.py:188} INFO - [2025-06-04T06:59:19.399+0000] {dagbag.py:538} INFO - Filling up the DagBag from /opt/airflow/dags/parallel_tasks_dag.py
[2025-06-04T06:59:19.442+0000] {processor.py:840} INFO - DAG(s) 'parallel_tasks_dag' retrieved from /opt/airflow/dags/parallel_tasks_dag.py
[2025-06-04T06:59:19.471+0000] {logging_mixin.py:188} INFO - [2025-06-04T06:59:19.471+0000] {dag.py:3036} INFO - Sync 1 DAGs
[2025-06-04T06:59:19.489+0000] {logging_mixin.py:188} INFO - [2025-06-04T06:59:19.489+0000] {dag.py:3823} INFO - Setting next_dagrun for parallel_tasks_dag to None, run_after=None
[2025-06-04T06:59:19.528+0000] {processor.py:183} INFO - Processing /opt/airflow/dags/parallel_tasks_dag.py took 0.137 seconds
[2025-06-04T06:59:51.584+0000] {processor.py:161} INFO - Started process (PID=1238) to work on /opt/airflow/dags/parallel_tasks_dag.py
[2025-06-04T06:59:51.585+0000] {processor.py:830} INFO - Processing file /opt/airflow/dags/parallel_tasks_dag.py for tasks to queue
[2025-06-04T06:59:51.587+0000] {logging_mixin.py:188} INFO - [2025-06-04T06:59:51.587+0000] {dagbag.py:538} INFO - Filling up the DagBag from /opt/airflow/dags/parallel_tasks_dag.py
[2025-06-04T06:59:51.608+0000] {processor.py:840} INFO - DAG(s) 'parallel_tasks_dag' retrieved from /opt/airflow/dags/parallel_tasks_dag.py
[2025-06-04T06:59:51.630+0000] {logging_mixin.py:188} INFO - [2025-06-04T06:59:51.630+0000] {dag.py:3036} INFO - Sync 1 DAGs
[2025-06-04T06:59:51.643+0000] {logging_mixin.py:188} INFO - [2025-06-04T06:59:51.642+0000] {dag.py:3823} INFO - Setting next_dagrun for parallel_tasks_dag to None, run_after=None
[2025-06-04T06:59:51.687+0000] {processor.py:183} INFO - Processing /opt/airflow/dags/parallel_tasks_dag.py took 0.107 seconds
[2025-06-04T07:00:21.862+0000] {processor.py:161} INFO - Started process (PID=1297) to work on /opt/airflow/dags/parallel_tasks_dag.py
[2025-06-04T07:00:21.864+0000] {processor.py:830} INFO - Processing file /opt/airflow/dags/parallel_tasks_dag.py for tasks to queue
[2025-06-04T07:00:21.867+0000] {logging_mixin.py:188} INFO - [2025-06-04T07:00:21.866+0000] {dagbag.py:538} INFO - Filling up the DagBag from /opt/airflow/dags/parallel_tasks_dag.py
[2025-06-04T07:00:21.909+0000] {processor.py:840} INFO - DAG(s) 'parallel_tasks_dag' retrieved from /opt/airflow/dags/parallel_tasks_dag.py
[2025-06-04T07:00:21.929+0000] {logging_mixin.py:188} INFO - [2025-06-04T07:00:21.929+0000] {dag.py:3036} INFO - Sync 1 DAGs
[2025-06-04T07:00:21.941+0000] {logging_mixin.py:188} INFO - [2025-06-04T07:00:21.941+0000] {dag.py:3823} INFO - Setting next_dagrun for parallel_tasks_dag to None, run_after=None
[2025-06-04T07:00:21.961+0000] {processor.py:183} INFO - Processing /opt/airflow/dags/parallel_tasks_dag.py took 0.103 seconds
[2025-06-04T07:00:52.750+0000] {processor.py:161} INFO - Started process (PID=1357) to work on /opt/airflow/dags/parallel_tasks_dag.py
[2025-06-04T07:00:52.752+0000] {processor.py:830} INFO - Processing file /opt/airflow/dags/parallel_tasks_dag.py for tasks to queue
[2025-06-04T07:00:52.754+0000] {logging_mixin.py:188} INFO - [2025-06-04T07:00:52.754+0000] {dagbag.py:538} INFO - Filling up the DagBag from /opt/airflow/dags/parallel_tasks_dag.py
[2025-06-04T07:00:52.772+0000] {processor.py:840} INFO - DAG(s) 'parallel_tasks_dag' retrieved from /opt/airflow/dags/parallel_tasks_dag.py
[2025-06-04T07:00:52.794+0000] {logging_mixin.py:188} INFO - [2025-06-04T07:00:52.793+0000] {dag.py:3036} INFO - Sync 1 DAGs
[2025-06-04T07:00:52.806+0000] {logging_mixin.py:188} INFO - [2025-06-04T07:00:52.805+0000] {dag.py:3823} INFO - Setting next_dagrun for parallel_tasks_dag to None, run_after=None
[2025-06-04T07:00:52.825+0000] {processor.py:183} INFO - Processing /opt/airflow/dags/parallel_tasks_dag.py took 0.079 seconds
[2025-06-04T07:01:22.911+0000] {processor.py:161} INFO - Started process (PID=1415) to work on /opt/airflow/dags/parallel_tasks_dag.py
[2025-06-04T07:01:22.912+0000] {processor.py:830} INFO - Processing file /opt/airflow/dags/parallel_tasks_dag.py for tasks to queue
[2025-06-04T07:01:22.914+0000] {logging_mixin.py:188} INFO - [2025-06-04T07:01:22.914+0000] {dagbag.py:538} INFO - Filling up the DagBag from /opt/airflow/dags/parallel_tasks_dag.py
[2025-06-04T07:01:22.936+0000] {processor.py:840} INFO - DAG(s) 'parallel_tasks_dag' retrieved from /opt/airflow/dags/parallel_tasks_dag.py
[2025-06-04T07:01:22.957+0000] {logging_mixin.py:188} INFO - [2025-06-04T07:01:22.957+0000] {dag.py:3036} INFO - Sync 1 DAGs
[2025-06-04T07:01:22.968+0000] {logging_mixin.py:188} INFO - [2025-06-04T07:01:22.968+0000] {dag.py:3823} INFO - Setting next_dagrun for parallel_tasks_dag to None, run_after=None
[2025-06-04T07:01:22.989+0000] {processor.py:183} INFO - Processing /opt/airflow/dags/parallel_tasks_dag.py took 0.083 seconds
[2025-06-04T07:01:53.766+0000] {processor.py:161} INFO - Started process (PID=1475) to work on /opt/airflow/dags/parallel_tasks_dag.py
[2025-06-04T07:01:53.768+0000] {processor.py:830} INFO - Processing file /opt/airflow/dags/parallel_tasks_dag.py for tasks to queue
[2025-06-04T07:01:53.770+0000] {logging_mixin.py:188} INFO - [2025-06-04T07:01:53.770+0000] {dagbag.py:538} INFO - Filling up the DagBag from /opt/airflow/dags/parallel_tasks_dag.py
[2025-06-04T07:01:53.789+0000] {processor.py:840} INFO - DAG(s) 'parallel_tasks_dag' retrieved from /opt/airflow/dags/parallel_tasks_dag.py
[2025-06-04T07:01:53.826+0000] {logging_mixin.py:188} INFO - [2025-06-04T07:01:53.825+0000] {dag.py:3036} INFO - Sync 1 DAGs
[2025-06-04T07:01:53.840+0000] {logging_mixin.py:188} INFO - [2025-06-04T07:01:53.840+0000] {dag.py:3823} INFO - Setting next_dagrun for parallel_tasks_dag to None, run_after=None
[2025-06-04T07:01:53.873+0000] {processor.py:183} INFO - Processing /opt/airflow/dags/parallel_tasks_dag.py took 0.111 seconds
[2025-06-04T07:02:24.080+0000] {processor.py:161} INFO - Started process (PID=1534) to work on /opt/airflow/dags/parallel_tasks_dag.py
[2025-06-04T07:02:24.081+0000] {processor.py:830} INFO - Processing file /opt/airflow/dags/parallel_tasks_dag.py for tasks to queue
[2025-06-04T07:02:24.083+0000] {logging_mixin.py:188} INFO - [2025-06-04T07:02:24.083+0000] {dagbag.py:538} INFO - Filling up the DagBag from /opt/airflow/dags/parallel_tasks_dag.py
[2025-06-04T07:02:24.097+0000] {processor.py:840} INFO - DAG(s) 'parallel_tasks_dag' retrieved from /opt/airflow/dags/parallel_tasks_dag.py
[2025-06-04T07:02:24.124+0000] {logging_mixin.py:188} INFO - [2025-06-04T07:02:24.123+0000] {dag.py:3036} INFO - Sync 1 DAGs
[2025-06-04T07:02:24.138+0000] {logging_mixin.py:188} INFO - [2025-06-04T07:02:24.138+0000] {dag.py:3823} INFO - Setting next_dagrun for parallel_tasks_dag to None, run_after=None
[2025-06-04T07:02:24.161+0000] {processor.py:183} INFO - Processing /opt/airflow/dags/parallel_tasks_dag.py took 0.086 seconds
[2025-06-04T07:02:54.756+0000] {processor.py:161} INFO - Started process (PID=1592) to work on /opt/airflow/dags/parallel_tasks_dag.py
[2025-06-04T07:02:54.757+0000] {processor.py:830} INFO - Processing file /opt/airflow/dags/parallel_tasks_dag.py for tasks to queue
[2025-06-04T07:02:54.759+0000] {logging_mixin.py:188} INFO - [2025-06-04T07:02:54.759+0000] {dagbag.py:538} INFO - Filling up the DagBag from /opt/airflow/dags/parallel_tasks_dag.py
[2025-06-04T07:02:54.777+0000] {processor.py:840} INFO - DAG(s) 'parallel_tasks_dag' retrieved from /opt/airflow/dags/parallel_tasks_dag.py
[2025-06-04T07:02:54.801+0000] {logging_mixin.py:188} INFO - [2025-06-04T07:02:54.800+0000] {dag.py:3036} INFO - Sync 1 DAGs
[2025-06-04T07:02:54.815+0000] {logging_mixin.py:188} INFO - [2025-06-04T07:02:54.815+0000] {dag.py:3823} INFO - Setting next_dagrun for parallel_tasks_dag to None, run_after=None
[2025-06-04T07:02:54.856+0000] {processor.py:183} INFO - Processing /opt/airflow/dags/parallel_tasks_dag.py took 0.104 seconds
[2025-06-04T07:03:25.750+0000] {processor.py:161} INFO - Started process (PID=1652) to work on /opt/airflow/dags/parallel_tasks_dag.py
[2025-06-04T07:03:25.752+0000] {processor.py:830} INFO - Processing file /opt/airflow/dags/parallel_tasks_dag.py for tasks to queue
[2025-06-04T07:03:25.755+0000] {logging_mixin.py:188} INFO - [2025-06-04T07:03:25.754+0000] {dagbag.py:538} INFO - Filling up the DagBag from /opt/airflow/dags/parallel_tasks_dag.py
[2025-06-04T07:03:25.785+0000] {processor.py:840} INFO - DAG(s) 'parallel_tasks_dag' retrieved from /opt/airflow/dags/parallel_tasks_dag.py
[2025-06-04T07:03:25.810+0000] {logging_mixin.py:188} INFO - [2025-06-04T07:03:25.810+0000] {dag.py:3036} INFO - Sync 1 DAGs
[2025-06-04T07:03:25.826+0000] {logging_mixin.py:188} INFO - [2025-06-04T07:03:25.825+0000] {dag.py:3823} INFO - Setting next_dagrun for parallel_tasks_dag to None, run_after=None
[2025-06-04T07:03:25.871+0000] {processor.py:183} INFO - Processing /opt/airflow/dags/parallel_tasks_dag.py took 0.124 seconds
[2025-06-04T07:03:56.766+0000] {processor.py:161} INFO - Started process (PID=1717) to work on /opt/airflow/dags/parallel_tasks_dag.py
[2025-06-04T07:03:56.768+0000] {processor.py:830} INFO - Processing file /opt/airflow/dags/parallel_tasks_dag.py for tasks to queue
[2025-06-04T07:03:56.774+0000] {logging_mixin.py:188} INFO - [2025-06-04T07:03:56.773+0000] {dagbag.py:538} INFO - Filling up the DagBag from /opt/airflow/dags/parallel_tasks_dag.py
[2025-06-04T07:03:56.795+0000] {processor.py:840} INFO - DAG(s) 'parallel_tasks_dag' retrieved from /opt/airflow/dags/parallel_tasks_dag.py
[2025-06-04T07:03:56.831+0000] {logging_mixin.py:188} INFO - [2025-06-04T07:03:56.830+0000] {dag.py:3036} INFO - Sync 1 DAGs
[2025-06-04T07:03:56.848+0000] {logging_mixin.py:188} INFO - [2025-06-04T07:03:56.847+0000] {dag.py:3823} INFO - Setting next_dagrun for parallel_tasks_dag to None, run_after=None
[2025-06-04T07:03:56.907+0000] {processor.py:183} INFO - Processing /opt/airflow/dags/parallel_tasks_dag.py took 0.150 seconds
[2025-06-04T07:04:27.504+0000] {processor.py:161} INFO - Started process (PID=1776) to work on /opt/airflow/dags/parallel_tasks_dag.py
[2025-06-04T07:04:27.505+0000] {processor.py:830} INFO - Processing file /opt/airflow/dags/parallel_tasks_dag.py for tasks to queue
[2025-06-04T07:04:27.508+0000] {logging_mixin.py:188} INFO - [2025-06-04T07:04:27.508+0000] {dagbag.py:538} INFO - Filling up the DagBag from /opt/airflow/dags/parallel_tasks_dag.py
[2025-06-04T07:04:27.527+0000] {processor.py:840} INFO - DAG(s) 'parallel_tasks_dag' retrieved from /opt/airflow/dags/parallel_tasks_dag.py
[2025-06-04T07:04:27.547+0000] {logging_mixin.py:188} INFO - [2025-06-04T07:04:27.547+0000] {dag.py:3036} INFO - Sync 1 DAGs
[2025-06-04T07:04:27.559+0000] {logging_mixin.py:188} INFO - [2025-06-04T07:04:27.559+0000] {dag.py:3823} INFO - Setting next_dagrun for parallel_tasks_dag to None, run_after=None
[2025-06-04T07:04:27.601+0000] {processor.py:183} INFO - Processing /opt/airflow/dags/parallel_tasks_dag.py took 0.101 seconds
[2025-06-04T07:04:58.351+0000] {processor.py:161} INFO - Started process (PID=1835) to work on /opt/airflow/dags/parallel_tasks_dag.py
[2025-06-04T07:04:58.353+0000] {processor.py:830} INFO - Processing file /opt/airflow/dags/parallel_tasks_dag.py for tasks to queue
[2025-06-04T07:04:58.358+0000] {logging_mixin.py:188} INFO - [2025-06-04T07:04:58.358+0000] {dagbag.py:538} INFO - Filling up the DagBag from /opt/airflow/dags/parallel_tasks_dag.py
[2025-06-04T07:04:58.418+0000] {processor.py:840} INFO - DAG(s) 'parallel_tasks_dag' retrieved from /opt/airflow/dags/parallel_tasks_dag.py
[2025-06-04T07:04:58.449+0000] {logging_mixin.py:188} INFO - [2025-06-04T07:04:58.449+0000] {dag.py:3036} INFO - Sync 1 DAGs
[2025-06-04T07:04:58.466+0000] {logging_mixin.py:188} INFO - [2025-06-04T07:04:58.465+0000] {dag.py:3823} INFO - Setting next_dagrun for parallel_tasks_dag to None, run_after=None
[2025-06-04T07:04:58.496+0000] {processor.py:183} INFO - Processing /opt/airflow/dags/parallel_tasks_dag.py took 0.150 seconds
