[2025-06-04T15:49:33.088+0000] {processor.py:161} INFO - Started process (PID=57) to work on /opt/airflow/dags/sample_data_dag.py
[2025-06-04T15:49:33.091+0000] {processor.py:830} INFO - Processing file /opt/airflow/dags/sample_data_dag.py for tasks to queue
[2025-06-04T15:49:33.095+0000] {logging_mixin.py:188} INFO - [2025-06-04T15:49:33.095+0000] {dagbag.py:538} INFO - Filling up the DagBag from /opt/airflow/dags/sample_data_dag.py
[2025-06-04T15:49:34.509+0000] {processor.py:840} INFO - DAG(s) 'showcase_etl_email_with_table' retrieved from /opt/airflow/dags/sample_data_dag.py
[2025-06-04T15:49:34.836+0000] {logging_mixin.py:188} INFO - [2025-06-04T15:49:34.835+0000] {override.py:1769} INFO - Created Permission View: can read on DAG:showcase_etl_email_with_table
[2025-06-04T15:49:34.851+0000] {logging_mixin.py:188} INFO - [2025-06-04T15:49:34.851+0000] {override.py:1769} INFO - Created Permission View: can edit on DAG:showcase_etl_email_with_table
[2025-06-04T15:49:34.863+0000] {logging_mixin.py:188} INFO - [2025-06-04T15:49:34.862+0000] {override.py:1769} INFO - Created Permission View: can delete on DAG:showcase_etl_email_with_table
[2025-06-04T15:49:34.865+0000] {logging_mixin.py:188} INFO - [2025-06-04T15:49:34.864+0000] {dag.py:3036} INFO - Sync 1 DAGs
[2025-06-04T15:49:34.880+0000] {logging_mixin.py:188} INFO - [2025-06-04T15:49:34.879+0000] {dag.py:3058} INFO - Creating ORM DAG for showcase_etl_email_with_table
[2025-06-04T15:49:34.881+0000] {logging_mixin.py:188} INFO - [2025-06-04T15:49:34.881+0000] {dag.py:3823} INFO - Setting next_dagrun for showcase_etl_email_with_table to None, run_after=None
[2025-06-04T15:49:34.917+0000] {processor.py:183} INFO - Processing /opt/airflow/dags/sample_data_dag.py took 1.836 seconds
[2025-06-04T15:50:05.053+0000] {processor.py:161} INFO - Started process (PID=127) to work on /opt/airflow/dags/sample_data_dag.py
[2025-06-04T15:50:05.054+0000] {processor.py:830} INFO - Processing file /opt/airflow/dags/sample_data_dag.py for tasks to queue
[2025-06-04T15:50:05.057+0000] {logging_mixin.py:188} INFO - [2025-06-04T15:50:05.056+0000] {dagbag.py:538} INFO - Filling up the DagBag from /opt/airflow/dags/sample_data_dag.py
[2025-06-04T15:50:05.578+0000] {processor.py:840} INFO - DAG(s) 'showcase_etl_email_with_table' retrieved from /opt/airflow/dags/sample_data_dag.py
[2025-06-04T15:50:05.605+0000] {logging_mixin.py:188} INFO - [2025-06-04T15:50:05.605+0000] {dag.py:3036} INFO - Sync 1 DAGs
[2025-06-04T15:50:05.617+0000] {logging_mixin.py:188} INFO - [2025-06-04T15:50:05.617+0000] {dag.py:3823} INFO - Setting next_dagrun for showcase_etl_email_with_table to None, run_after=None
[2025-06-04T15:50:05.645+0000] {processor.py:183} INFO - Processing /opt/airflow/dags/sample_data_dag.py took 0.595 seconds
[2025-06-04T15:50:36.431+0000] {processor.py:161} INFO - Started process (PID=189) to work on /opt/airflow/dags/sample_data_dag.py
[2025-06-04T15:50:36.433+0000] {processor.py:830} INFO - Processing file /opt/airflow/dags/sample_data_dag.py for tasks to queue
[2025-06-04T15:50:36.435+0000] {logging_mixin.py:188} INFO - [2025-06-04T15:50:36.434+0000] {dagbag.py:538} INFO - Filling up the DagBag from /opt/airflow/dags/sample_data_dag.py
[2025-06-04T15:50:36.820+0000] {processor.py:840} INFO - DAG(s) 'showcase_etl_email_with_table' retrieved from /opt/airflow/dags/sample_data_dag.py
[2025-06-04T15:50:36.838+0000] {logging_mixin.py:188} INFO - [2025-06-04T15:50:36.838+0000] {dag.py:3036} INFO - Sync 1 DAGs
[2025-06-04T15:50:36.849+0000] {logging_mixin.py:188} INFO - [2025-06-04T15:50:36.849+0000] {dag.py:3823} INFO - Setting next_dagrun for showcase_etl_email_with_table to None, run_after=None
[2025-06-04T15:50:36.869+0000] {processor.py:183} INFO - Processing /opt/airflow/dags/sample_data_dag.py took 0.440 seconds
[2025-06-04T15:50:41.432+0000] {processor.py:161} INFO - Started process (PID=237) to work on /opt/airflow/dags/sample_data_dag.py
[2025-06-04T15:50:41.433+0000] {processor.py:830} INFO - Processing file /opt/airflow/dags/sample_data_dag.py for tasks to queue
[2025-06-04T15:50:41.436+0000] {logging_mixin.py:188} INFO - [2025-06-04T15:50:41.436+0000] {dagbag.py:538} INFO - Filling up the DagBag from /opt/airflow/dags/sample_data_dag.py
[2025-06-04T15:50:41.888+0000] {processor.py:840} INFO - DAG(s) 'showcase_etl_email_with_table' retrieved from /opt/airflow/dags/sample_data_dag.py
[2025-06-04T15:50:41.905+0000] {logging_mixin.py:188} INFO - [2025-06-04T15:50:41.905+0000] {dag.py:3036} INFO - Sync 1 DAGs
[2025-06-04T15:50:41.915+0000] {logging_mixin.py:188} INFO - [2025-06-04T15:50:41.915+0000] {dag.py:3823} INFO - Setting next_dagrun for showcase_etl_email_with_table to None, run_after=None
[2025-06-04T15:50:41.942+0000] {processor.py:183} INFO - Processing /opt/airflow/dags/sample_data_dag.py took 0.514 seconds
[2025-06-04T15:51:12.214+0000] {processor.py:161} INFO - Started process (PID=298) to work on /opt/airflow/dags/sample_data_dag.py
[2025-06-04T15:51:12.215+0000] {processor.py:830} INFO - Processing file /opt/airflow/dags/sample_data_dag.py for tasks to queue
[2025-06-04T15:51:12.218+0000] {logging_mixin.py:188} INFO - [2025-06-04T15:51:12.218+0000] {dagbag.py:538} INFO - Filling up the DagBag from /opt/airflow/dags/sample_data_dag.py
[2025-06-04T15:51:12.628+0000] {processor.py:840} INFO - DAG(s) 'showcase_etl_email_with_table' retrieved from /opt/airflow/dags/sample_data_dag.py
[2025-06-04T15:51:12.647+0000] {logging_mixin.py:188} INFO - [2025-06-04T15:51:12.646+0000] {dag.py:3036} INFO - Sync 1 DAGs
[2025-06-04T15:51:12.666+0000] {logging_mixin.py:188} INFO - [2025-06-04T15:51:12.665+0000] {dag.py:3823} INFO - Setting next_dagrun for showcase_etl_email_with_table to None, run_after=None
[2025-06-04T15:51:12.685+0000] {processor.py:183} INFO - Processing /opt/airflow/dags/sample_data_dag.py took 0.474 seconds
[2025-06-04T15:51:43.492+0000] {processor.py:161} INFO - Started process (PID=360) to work on /opt/airflow/dags/sample_data_dag.py
[2025-06-04T15:51:43.494+0000] {processor.py:830} INFO - Processing file /opt/airflow/dags/sample_data_dag.py for tasks to queue
[2025-06-04T15:51:43.501+0000] {logging_mixin.py:188} INFO - [2025-06-04T15:51:43.499+0000] {dagbag.py:538} INFO - Filling up the DagBag from /opt/airflow/dags/sample_data_dag.py
[2025-06-04T15:51:44.072+0000] {processor.py:840} INFO - DAG(s) 'showcase_etl_email_with_table' retrieved from /opt/airflow/dags/sample_data_dag.py
[2025-06-04T15:51:44.098+0000] {logging_mixin.py:188} INFO - [2025-06-04T15:51:44.098+0000] {dag.py:3036} INFO - Sync 1 DAGs
[2025-06-04T15:51:44.110+0000] {logging_mixin.py:188} INFO - [2025-06-04T15:51:44.110+0000] {dag.py:3823} INFO - Setting next_dagrun for showcase_etl_email_with_table to None, run_after=None
[2025-06-04T15:51:44.135+0000] {processor.py:183} INFO - Processing /opt/airflow/dags/sample_data_dag.py took 0.647 seconds
[2025-06-04T15:52:48.022+0000] {processor.py:161} INFO - Started process (PID=50) to work on /opt/airflow/dags/sample_data_dag.py
[2025-06-04T15:52:48.023+0000] {processor.py:830} INFO - Processing file /opt/airflow/dags/sample_data_dag.py for tasks to queue
[2025-06-04T15:52:48.025+0000] {logging_mixin.py:188} INFO - [2025-06-04T15:52:48.025+0000] {dagbag.py:538} INFO - Filling up the DagBag from /opt/airflow/dags/sample_data_dag.py
[2025-06-04T15:52:48.336+0000] {processor.py:840} INFO - DAG(s) 'showcase_etl_email_with_table' retrieved from /opt/airflow/dags/sample_data_dag.py
[2025-06-04T15:52:48.648+0000] {logging_mixin.py:188} INFO - [2025-06-04T15:52:48.648+0000] {dag.py:3036} INFO - Sync 1 DAGs
[2025-06-04T15:52:48.661+0000] {logging_mixin.py:188} INFO - [2025-06-04T15:52:48.660+0000] {dag.py:3823} INFO - Setting next_dagrun for showcase_etl_email_with_table to None, run_after=None
[2025-06-04T15:52:48.689+0000] {processor.py:183} INFO - Processing /opt/airflow/dags/sample_data_dag.py took 0.671 seconds
[2025-06-04T15:53:11.429+0000] {processor.py:161} INFO - Started process (PID=111) to work on /opt/airflow/dags/sample_data_dag.py
[2025-06-04T15:53:11.431+0000] {processor.py:830} INFO - Processing file /opt/airflow/dags/sample_data_dag.py for tasks to queue
[2025-06-04T15:53:11.434+0000] {logging_mixin.py:188} INFO - [2025-06-04T15:53:11.433+0000] {dagbag.py:538} INFO - Filling up the DagBag from /opt/airflow/dags/sample_data_dag.py
[2025-06-04T15:53:11.867+0000] {processor.py:840} INFO - DAG(s) 'showcase_etl_email_with_table' retrieved from /opt/airflow/dags/sample_data_dag.py
[2025-06-04T15:53:11.881+0000] {logging_mixin.py:188} INFO - [2025-06-04T15:53:11.880+0000] {dag.py:3036} INFO - Sync 1 DAGs
[2025-06-04T15:53:11.895+0000] {logging_mixin.py:188} INFO - [2025-06-04T15:53:11.895+0000] {dag.py:3823} INFO - Setting next_dagrun for showcase_etl_email_with_table to None, run_after=None
[2025-06-04T15:53:11.937+0000] {processor.py:183} INFO - Processing /opt/airflow/dags/sample_data_dag.py took 0.513 seconds
[2025-06-04T15:53:13.949+0000] {processor.py:161} INFO - Started process (PID=113) to work on /opt/airflow/dags/sample_data_dag.py
[2025-06-04T15:53:13.951+0000] {processor.py:830} INFO - Processing file /opt/airflow/dags/sample_data_dag.py for tasks to queue
[2025-06-04T15:53:13.954+0000] {logging_mixin.py:188} INFO - [2025-06-04T15:53:13.953+0000] {dagbag.py:538} INFO - Filling up the DagBag from /opt/airflow/dags/sample_data_dag.py
[2025-06-04T15:53:14.454+0000] {processor.py:840} INFO - DAG(s) 'showcase_etl_email_with_table' retrieved from /opt/airflow/dags/sample_data_dag.py
[2025-06-04T15:53:14.474+0000] {logging_mixin.py:188} INFO - [2025-06-04T15:53:14.473+0000] {dag.py:3036} INFO - Sync 1 DAGs
[2025-06-04T15:53:14.488+0000] {logging_mixin.py:188} INFO - [2025-06-04T15:53:14.488+0000] {dag.py:3823} INFO - Setting next_dagrun for showcase_etl_email_with_table to None, run_after=None
[2025-06-04T15:53:14.524+0000] {processor.py:183} INFO - Processing /opt/airflow/dags/sample_data_dag.py took 0.580 seconds
[2025-06-04T15:53:44.862+0000] {processor.py:161} INFO - Started process (PID=174) to work on /opt/airflow/dags/sample_data_dag.py
[2025-06-04T15:53:44.863+0000] {processor.py:830} INFO - Processing file /opt/airflow/dags/sample_data_dag.py for tasks to queue
[2025-06-04T15:53:44.865+0000] {logging_mixin.py:188} INFO - [2025-06-04T15:53:44.865+0000] {dagbag.py:538} INFO - Filling up the DagBag from /opt/airflow/dags/sample_data_dag.py
[2025-06-04T15:53:45.295+0000] {processor.py:840} INFO - DAG(s) 'showcase_etl_email_with_table' retrieved from /opt/airflow/dags/sample_data_dag.py
[2025-06-04T15:53:45.313+0000] {logging_mixin.py:188} INFO - [2025-06-04T15:53:45.313+0000] {dag.py:3036} INFO - Sync 1 DAGs
[2025-06-04T15:53:45.325+0000] {logging_mixin.py:188} INFO - [2025-06-04T15:53:45.325+0000] {dag.py:3823} INFO - Setting next_dagrun for showcase_etl_email_with_table to None, run_after=None
[2025-06-04T15:53:45.351+0000] {processor.py:183} INFO - Processing /opt/airflow/dags/sample_data_dag.py took 0.492 seconds
[2025-06-04T15:54:15.489+0000] {processor.py:161} INFO - Started process (PID=235) to work on /opt/airflow/dags/sample_data_dag.py
[2025-06-04T15:54:15.490+0000] {processor.py:830} INFO - Processing file /opt/airflow/dags/sample_data_dag.py for tasks to queue
[2025-06-04T15:54:15.492+0000] {logging_mixin.py:188} INFO - [2025-06-04T15:54:15.492+0000] {dagbag.py:538} INFO - Filling up the DagBag from /opt/airflow/dags/sample_data_dag.py
[2025-06-04T15:54:15.883+0000] {processor.py:840} INFO - DAG(s) 'showcase_etl_email_with_table' retrieved from /opt/airflow/dags/sample_data_dag.py
[2025-06-04T15:54:15.900+0000] {logging_mixin.py:188} INFO - [2025-06-04T15:54:15.899+0000] {dag.py:3036} INFO - Sync 1 DAGs
[2025-06-04T15:54:15.909+0000] {logging_mixin.py:188} INFO - [2025-06-04T15:54:15.909+0000] {dag.py:3823} INFO - Setting next_dagrun for showcase_etl_email_with_table to None, run_after=None
[2025-06-04T15:54:15.934+0000] {processor.py:183} INFO - Processing /opt/airflow/dags/sample_data_dag.py took 0.447 seconds
[2025-06-04T15:54:46.225+0000] {processor.py:161} INFO - Started process (PID=296) to work on /opt/airflow/dags/sample_data_dag.py
[2025-06-04T15:54:46.227+0000] {processor.py:830} INFO - Processing file /opt/airflow/dags/sample_data_dag.py for tasks to queue
[2025-06-04T15:54:46.230+0000] {logging_mixin.py:188} INFO - [2025-06-04T15:54:46.229+0000] {dagbag.py:538} INFO - Filling up the DagBag from /opt/airflow/dags/sample_data_dag.py
[2025-06-04T15:54:46.635+0000] {processor.py:840} INFO - DAG(s) 'showcase_etl_email_with_table' retrieved from /opt/airflow/dags/sample_data_dag.py
[2025-06-04T15:54:46.656+0000] {logging_mixin.py:188} INFO - [2025-06-04T15:54:46.655+0000] {dag.py:3036} INFO - Sync 1 DAGs
[2025-06-04T15:54:46.667+0000] {logging_mixin.py:188} INFO - [2025-06-04T15:54:46.667+0000] {dag.py:3823} INFO - Setting next_dagrun for showcase_etl_email_with_table to None, run_after=None
[2025-06-04T15:54:46.689+0000] {processor.py:183} INFO - Processing /opt/airflow/dags/sample_data_dag.py took 0.468 seconds
[2025-06-04T15:55:17.218+0000] {processor.py:161} INFO - Started process (PID=357) to work on /opt/airflow/dags/sample_data_dag.py
[2025-06-04T15:55:17.220+0000] {processor.py:830} INFO - Processing file /opt/airflow/dags/sample_data_dag.py for tasks to queue
[2025-06-04T15:55:17.222+0000] {logging_mixin.py:188} INFO - [2025-06-04T15:55:17.221+0000] {dagbag.py:538} INFO - Filling up the DagBag from /opt/airflow/dags/sample_data_dag.py
[2025-06-04T15:55:17.578+0000] {processor.py:840} INFO - DAG(s) 'showcase_etl_email_with_table' retrieved from /opt/airflow/dags/sample_data_dag.py
[2025-06-04T15:55:17.595+0000] {logging_mixin.py:188} INFO - [2025-06-04T15:55:17.594+0000] {dag.py:3036} INFO - Sync 1 DAGs
[2025-06-04T15:55:17.606+0000] {logging_mixin.py:188} INFO - [2025-06-04T15:55:17.606+0000] {dag.py:3823} INFO - Setting next_dagrun for showcase_etl_email_with_table to None, run_after=None
[2025-06-04T15:55:17.625+0000] {processor.py:183} INFO - Processing /opt/airflow/dags/sample_data_dag.py took 0.409 seconds
